[0.527s] DEBUG:colcon:Command line arguments: ['/usr/bin/colcon', 'build', '--symlink-install']
[0.527s] DEBUG:colcon:Parsed command line arguments: Namespace(log_base=None, log_level=None, verb_name='build', build_base='build', install_base='install', merge_install=False, symlink_install=True, test_result_base=None, continue_on_error=False, executor='parallel', parallel_workers=8, event_handlers=None, ignore_user_meta=False, metas=['./colcon.meta'], base_paths=['.'], packages_ignore=None, packages_ignore_regex=None, paths=None, packages_up_to=None, packages_up_to_regex=None, packages_above=None, packages_above_and_dependencies=None, packages_above_depth=None, packages_select_by_dep=None, packages_skip_by_dep=None, packages_skip_up_to=None, packages_select_build_failed=False, packages_skip_build_finished=False, packages_select_test_failures=False, packages_skip_test_passed=False, packages_select=None, packages_skip=None, packages_select_regex=None, packages_skip_regex=None, packages_start=None, packages_end=None, allow_overriding=[], cmake_args=None, cmake_target=None, cmake_target_skip_unavailable=False, cmake_clean_cache=False, cmake_clean_first=False, cmake_force_configure=False, ament_cmake_args=None, catkin_cmake_args=None, catkin_skip_building_tests=False, mixin_files=None, mixin=None, verb_parser=<colcon_mixin.mixin.mixin_argument.MixinArgumentDecorator object at 0x71b97168afb0>, verb_extension=<colcon_core.verb.build.BuildVerb object at 0x71b97168a920>, main=<bound method BuildVerb.main of <colcon_core.verb.build.BuildVerb object at 0x71b97168a920>>, mixin_verb=('build',))
[1.177s] Level 1:colcon.colcon_core.package_discovery:discover_packages(colcon_meta) check parameters
[1.178s] Level 1:colcon.colcon_core.package_discovery:discover_packages(recursive) check parameters
[1.178s] Level 1:colcon.colcon_core.package_discovery:discover_packages(ignore) check parameters
[1.178s] Level 1:colcon.colcon_core.package_discovery:discover_packages(path) check parameters
[1.178s] Level 1:colcon.colcon_core.package_discovery:discover_packages(colcon_meta) discover
[1.178s] Level 1:colcon.colcon_core.package_discovery:discover_packages(recursive) discover
[1.178s] INFO:colcon.colcon_core.package_discovery:Crawling recursively for packages in '/home/vom/ros2_ws/PikeRobotics_automated_counting'
[1.178s] Level 1:colcon.colcon_core.package_identification:_identify(.) by extensions ['ignore', 'ignore_ament_install']
[1.178s] Level 1:colcon.colcon_core.package_identification:_identify(.) by extension 'ignore'
[1.178s] Level 1:colcon.colcon_core.package_identification:_identify(.) by extension 'ignore_ament_install'
[1.178s] Level 1:colcon.colcon_core.package_identification:_identify(.) by extensions ['colcon_pkg']
[1.178s] Level 1:colcon.colcon_core.package_identification:_identify(.) by extension 'colcon_pkg'
[1.179s] Level 1:colcon.colcon_core.package_identification:_identify(.) by extensions ['colcon_meta']
[1.179s] Level 1:colcon.colcon_core.package_identification:_identify(.) by extension 'colcon_meta'
[1.179s] Level 1:colcon.colcon_core.package_identification:_identify(.) by extensions ['ros']
[1.179s] Level 1:colcon.colcon_core.package_identification:_identify(.) by extension 'ros'
[1.214s] Level 1:colcon.colcon_core.package_identification:_identify(.) by extensions ['cmake', 'python']
[1.214s] Level 1:colcon.colcon_core.package_identification:_identify(.) by extension 'cmake'
[1.214s] Level 1:colcon.colcon_core.package_identification:_identify(.) by extension 'python'
[1.215s] Level 1:colcon.colcon_core.package_identification:_identify(.) by extensions ['python_setup_py']
[1.215s] Level 1:colcon.colcon_core.package_identification:_identify(.) by extension 'python_setup_py'
[1.215s] Level 1:colcon.colcon_core.package_identification:_identify(CPC) by extensions ['ignore', 'ignore_ament_install']
[1.215s] Level 1:colcon.colcon_core.package_identification:_identify(CPC) by extension 'ignore'
[1.215s] Level 1:colcon.colcon_core.package_identification:_identify(CPC) by extension 'ignore_ament_install'
[1.215s] Level 1:colcon.colcon_core.package_identification:_identify(CPC) by extensions ['colcon_pkg']
[1.215s] Level 1:colcon.colcon_core.package_identification:_identify(CPC) by extension 'colcon_pkg'
[1.215s] Level 1:colcon.colcon_core.package_identification:_identify(CPC) by extensions ['colcon_meta']
[1.215s] Level 1:colcon.colcon_core.package_identification:_identify(CPC) by extension 'colcon_meta'
[1.215s] Level 1:colcon.colcon_core.package_identification:_identify(CPC) by extensions ['ros']
[1.215s] Level 1:colcon.colcon_core.package_identification:_identify(CPC) by extension 'ros'
[1.215s] Level 1:colcon.colcon_core.package_identification:_identify(CPC) by extensions ['cmake', 'python']
[1.215s] Level 1:colcon.colcon_core.package_identification:_identify(CPC) by extension 'cmake'
[1.215s] Level 1:colcon.colcon_core.package_identification:_identify(CPC) by extension 'python'
[1.216s] Level 1:colcon.colcon_core.package_identification:_identify(CPC) by extensions ['python_setup_py']
[1.216s] Level 1:colcon.colcon_core.package_identification:_identify(CPC) by extension 'python_setup_py'
[1.216s] Level 1:colcon.colcon_core.package_identification:_identify(CPC/CPC_10) by extensions ['ignore', 'ignore_ament_install']
[1.216s] Level 1:colcon.colcon_core.package_identification:_identify(CPC/CPC_10) by extension 'ignore'
[1.216s] Level 1:colcon.colcon_core.package_identification:_identify(CPC/CPC_10) by extension 'ignore_ament_install'
[1.216s] Level 1:colcon.colcon_core.package_identification:_identify(CPC/CPC_10) by extensions ['colcon_pkg']
[1.216s] Level 1:colcon.colcon_core.package_identification:_identify(CPC/CPC_10) by extension 'colcon_pkg'
[1.216s] Level 1:colcon.colcon_core.package_identification:_identify(CPC/CPC_10) by extensions ['colcon_meta']
[1.216s] Level 1:colcon.colcon_core.package_identification:_identify(CPC/CPC_10) by extension 'colcon_meta'
[1.216s] Level 1:colcon.colcon_core.package_identification:_identify(CPC/CPC_10) by extensions ['ros']
[1.216s] Level 1:colcon.colcon_core.package_identification:_identify(CPC/CPC_10) by extension 'ros'
[1.216s] Level 1:colcon.colcon_core.package_identification:_identify(CPC/CPC_10) by extensions ['cmake', 'python']
[1.216s] Level 1:colcon.colcon_core.package_identification:_identify(CPC/CPC_10) by extension 'cmake'
[1.216s] Level 1:colcon.colcon_core.package_identification:_identify(CPC/CPC_10) by extension 'python'
[1.216s] Level 1:colcon.colcon_core.package_identification:_identify(CPC/CPC_10) by extensions ['python_setup_py']
[1.216s] Level 1:colcon.colcon_core.package_identification:_identify(CPC/CPC_10) by extension 'python_setup_py'
[1.217s] Level 1:colcon.colcon_core.package_identification:_identify(CPC/CPC_19) by extensions ['ignore', 'ignore_ament_install']
[1.217s] Level 1:colcon.colcon_core.package_identification:_identify(CPC/CPC_19) by extension 'ignore'
[1.217s] Level 1:colcon.colcon_core.package_identification:_identify(CPC/CPC_19) by extension 'ignore_ament_install'
[1.217s] Level 1:colcon.colcon_core.package_identification:_identify(CPC/CPC_19) by extensions ['colcon_pkg']
[1.217s] Level 1:colcon.colcon_core.package_identification:_identify(CPC/CPC_19) by extension 'colcon_pkg'
[1.217s] Level 1:colcon.colcon_core.package_identification:_identify(CPC/CPC_19) by extensions ['colcon_meta']
[1.217s] Level 1:colcon.colcon_core.package_identification:_identify(CPC/CPC_19) by extension 'colcon_meta'
[1.217s] Level 1:colcon.colcon_core.package_identification:_identify(CPC/CPC_19) by extensions ['ros']
[1.217s] Level 1:colcon.colcon_core.package_identification:_identify(CPC/CPC_19) by extension 'ros'
[1.217s] Level 1:colcon.colcon_core.package_identification:_identify(CPC/CPC_19) by extensions ['cmake', 'python']
[1.217s] Level 1:colcon.colcon_core.package_identification:_identify(CPC/CPC_19) by extension 'cmake'
[1.217s] Level 1:colcon.colcon_core.package_identification:_identify(CPC/CPC_19) by extension 'python'
[1.217s] Level 1:colcon.colcon_core.package_identification:_identify(CPC/CPC_19) by extensions ['python_setup_py']
[1.217s] Level 1:colcon.colcon_core.package_identification:_identify(CPC/CPC_19) by extension 'python_setup_py'
[1.217s] Level 1:colcon.colcon_core.package_identification:_identify(CPC/CPC_43) by extensions ['ignore', 'ignore_ament_install']
[1.217s] Level 1:colcon.colcon_core.package_identification:_identify(CPC/CPC_43) by extension 'ignore'
[1.217s] Level 1:colcon.colcon_core.package_identification:_identify(CPC/CPC_43) by extension 'ignore_ament_install'
[1.218s] Level 1:colcon.colcon_core.package_identification:_identify(CPC/CPC_43) by extensions ['colcon_pkg']
[1.218s] Level 1:colcon.colcon_core.package_identification:_identify(CPC/CPC_43) by extension 'colcon_pkg'
[1.218s] Level 1:colcon.colcon_core.package_identification:_identify(CPC/CPC_43) by extensions ['colcon_meta']
[1.218s] Level 1:colcon.colcon_core.package_identification:_identify(CPC/CPC_43) by extension 'colcon_meta'
[1.218s] Level 1:colcon.colcon_core.package_identification:_identify(CPC/CPC_43) by extensions ['ros']
[1.218s] Level 1:colcon.colcon_core.package_identification:_identify(CPC/CPC_43) by extension 'ros'
[1.220s] Level 1:colcon.colcon_core.package_identification:_identify(CPC/CPC_43) by extensions ['cmake', 'python']
[1.220s] Level 1:colcon.colcon_core.package_identification:_identify(CPC/CPC_43) by extension 'cmake'
[1.220s] Level 1:colcon.colcon_core.package_identification:_identify(CPC/CPC_43) by extension 'python'
[1.220s] Level 1:colcon.colcon_core.package_identification:_identify(CPC/CPC_43) by extensions ['python_setup_py']
[1.220s] Level 1:colcon.colcon_core.package_identification:_identify(CPC/CPC_43) by extension 'python_setup_py'
[1.220s] Level 1:colcon.colcon_core.package_identification:_identify(CPC/CPC_61) by extensions ['ignore', 'ignore_ament_install']
[1.220s] Level 1:colcon.colcon_core.package_identification:_identify(CPC/CPC_61) by extension 'ignore'
[1.220s] Level 1:colcon.colcon_core.package_identification:_identify(CPC/CPC_61) by extension 'ignore_ament_install'
[1.220s] Level 1:colcon.colcon_core.package_identification:_identify(CPC/CPC_61) by extensions ['colcon_pkg']
[1.220s] Level 1:colcon.colcon_core.package_identification:_identify(CPC/CPC_61) by extension 'colcon_pkg'
[1.220s] Level 1:colcon.colcon_core.package_identification:_identify(CPC/CPC_61) by extensions ['colcon_meta']
[1.220s] Level 1:colcon.colcon_core.package_identification:_identify(CPC/CPC_61) by extension 'colcon_meta'
[1.220s] Level 1:colcon.colcon_core.package_identification:_identify(CPC/CPC_61) by extensions ['ros']
[1.220s] Level 1:colcon.colcon_core.package_identification:_identify(CPC/CPC_61) by extension 'ros'
[1.220s] Level 1:colcon.colcon_core.package_identification:_identify(CPC/CPC_61) by extensions ['cmake', 'python']
[1.220s] Level 1:colcon.colcon_core.package_identification:_identify(CPC/CPC_61) by extension 'cmake'
[1.220s] Level 1:colcon.colcon_core.package_identification:_identify(CPC/CPC_61) by extension 'python'
[1.220s] Level 1:colcon.colcon_core.package_identification:_identify(CPC/CPC_61) by extensions ['python_setup_py']
[1.220s] Level 1:colcon.colcon_core.package_identification:_identify(CPC/CPC_61) by extension 'python_setup_py'
[1.220s] Level 1:colcon.colcon_core.package_identification:_identify(CPC/CPC_9) by extensions ['ignore', 'ignore_ament_install']
[1.221s] Level 1:colcon.colcon_core.package_identification:_identify(CPC/CPC_9) by extension 'ignore'
[1.221s] Level 1:colcon.colcon_core.package_identification:_identify(CPC/CPC_9) by extension 'ignore_ament_install'
[1.221s] Level 1:colcon.colcon_core.package_identification:_identify(CPC/CPC_9) by extensions ['colcon_pkg']
[1.221s] Level 1:colcon.colcon_core.package_identification:_identify(CPC/CPC_9) by extension 'colcon_pkg'
[1.221s] Level 1:colcon.colcon_core.package_identification:_identify(CPC/CPC_9) by extensions ['colcon_meta']
[1.221s] Level 1:colcon.colcon_core.package_identification:_identify(CPC/CPC_9) by extension 'colcon_meta'
[1.221s] Level 1:colcon.colcon_core.package_identification:_identify(CPC/CPC_9) by extensions ['ros']
[1.221s] Level 1:colcon.colcon_core.package_identification:_identify(CPC/CPC_9) by extension 'ros'
[1.221s] Level 1:colcon.colcon_core.package_identification:_identify(CPC/CPC_9) by extensions ['cmake', 'python']
[1.221s] Level 1:colcon.colcon_core.package_identification:_identify(CPC/CPC_9) by extension 'cmake'
[1.221s] Level 1:colcon.colcon_core.package_identification:_identify(CPC/CPC_9) by extension 'python'
[1.221s] Level 1:colcon.colcon_core.package_identification:_identify(CPC/CPC_9) by extensions ['python_setup_py']
[1.221s] Level 1:colcon.colcon_core.package_identification:_identify(CPC/CPC_9) by extension 'python_setup_py'
[1.221s] Level 1:colcon.colcon_core.package_identification:_identify(Feature count recordings) by extensions ['ignore', 'ignore_ament_install']
[1.221s] Level 1:colcon.colcon_core.package_identification:_identify(Feature count recordings) by extension 'ignore'
[1.221s] Level 1:colcon.colcon_core.package_identification:_identify(Feature count recordings) by extension 'ignore_ament_install'
[1.221s] Level 1:colcon.colcon_core.package_identification:_identify(Feature count recordings) by extensions ['colcon_pkg']
[1.221s] Level 1:colcon.colcon_core.package_identification:_identify(Feature count recordings) by extension 'colcon_pkg'
[1.221s] Level 1:colcon.colcon_core.package_identification:_identify(Feature count recordings) by extensions ['colcon_meta']
[1.221s] Level 1:colcon.colcon_core.package_identification:_identify(Feature count recordings) by extension 'colcon_meta'
[1.221s] Level 1:colcon.colcon_core.package_identification:_identify(Feature count recordings) by extensions ['ros']
[1.221s] Level 1:colcon.colcon_core.package_identification:_identify(Feature count recordings) by extension 'ros'
[1.222s] Level 1:colcon.colcon_core.package_identification:_identify(Feature count recordings) by extensions ['cmake', 'python']
[1.222s] Level 1:colcon.colcon_core.package_identification:_identify(Feature count recordings) by extension 'cmake'
[1.222s] Level 1:colcon.colcon_core.package_identification:_identify(Feature count recordings) by extension 'python'
[1.222s] Level 1:colcon.colcon_core.package_identification:_identify(Feature count recordings) by extensions ['python_setup_py']
[1.222s] Level 1:colcon.colcon_core.package_identification:_identify(Feature count recordings) by extension 'python_setup_py'
[1.222s] Level 1:colcon.colcon_core.package_identification:_identify(SUNCOR) by extensions ['ignore', 'ignore_ament_install']
[1.222s] Level 1:colcon.colcon_core.package_identification:_identify(SUNCOR) by extension 'ignore'
[1.222s] Level 1:colcon.colcon_core.package_identification:_identify(SUNCOR) by extension 'ignore_ament_install'
[1.222s] Level 1:colcon.colcon_core.package_identification:_identify(SUNCOR) by extensions ['colcon_pkg']
[1.222s] Level 1:colcon.colcon_core.package_identification:_identify(SUNCOR) by extension 'colcon_pkg'
[1.222s] Level 1:colcon.colcon_core.package_identification:_identify(SUNCOR) by extensions ['colcon_meta']
[1.222s] Level 1:colcon.colcon_core.package_identification:_identify(SUNCOR) by extension 'colcon_meta'
[1.222s] Level 1:colcon.colcon_core.package_identification:_identify(SUNCOR) by extensions ['ros']
[1.222s] Level 1:colcon.colcon_core.package_identification:_identify(SUNCOR) by extension 'ros'
[1.222s] Level 1:colcon.colcon_core.package_identification:_identify(SUNCOR) by extensions ['cmake', 'python']
[1.222s] Level 1:colcon.colcon_core.package_identification:_identify(SUNCOR) by extension 'cmake'
[1.222s] Level 1:colcon.colcon_core.package_identification:_identify(SUNCOR) by extension 'python'
[1.222s] Level 1:colcon.colcon_core.package_identification:_identify(SUNCOR) by extensions ['python_setup_py']
[1.222s] Level 1:colcon.colcon_core.package_identification:_identify(SUNCOR) by extension 'python_setup_py'
[1.222s] Level 1:colcon.colcon_core.package_identification:_identify(SUNCOR/SUNCOR_24) by extensions ['ignore', 'ignore_ament_install']
[1.232s] Level 1:colcon.colcon_core.package_identification:_identify(SUNCOR/SUNCOR_24) by extension 'ignore'
[1.232s] Level 1:colcon.colcon_core.package_identification:_identify(SUNCOR/SUNCOR_24) by extension 'ignore_ament_install'
[1.232s] Level 1:colcon.colcon_core.package_identification:_identify(SUNCOR/SUNCOR_24) by extensions ['colcon_pkg']
[1.232s] Level 1:colcon.colcon_core.package_identification:_identify(SUNCOR/SUNCOR_24) by extension 'colcon_pkg'
[1.232s] Level 1:colcon.colcon_core.package_identification:_identify(SUNCOR/SUNCOR_24) by extensions ['colcon_meta']
[1.232s] Level 1:colcon.colcon_core.package_identification:_identify(SUNCOR/SUNCOR_24) by extension 'colcon_meta'
[1.233s] Level 1:colcon.colcon_core.package_identification:_identify(SUNCOR/SUNCOR_24) by extensions ['ros']
[1.233s] Level 1:colcon.colcon_core.package_identification:_identify(SUNCOR/SUNCOR_24) by extension 'ros'
[1.233s] Level 1:colcon.colcon_core.package_identification:_identify(SUNCOR/SUNCOR_24) by extensions ['cmake', 'python']
[1.233s] Level 1:colcon.colcon_core.package_identification:_identify(SUNCOR/SUNCOR_24) by extension 'cmake'
[1.233s] Level 1:colcon.colcon_core.package_identification:_identify(SUNCOR/SUNCOR_24) by extension 'python'
[1.233s] Level 1:colcon.colcon_core.package_identification:_identify(SUNCOR/SUNCOR_24) by extensions ['python_setup_py']
[1.233s] Level 1:colcon.colcon_core.package_identification:_identify(SUNCOR/SUNCOR_24) by extension 'python_setup_py'
[1.233s] Level 1:colcon.colcon_core.package_identification:_identify(SUNCOR/SUNCOR_9) by extensions ['ignore', 'ignore_ament_install']
[1.233s] Level 1:colcon.colcon_core.package_identification:_identify(SUNCOR/SUNCOR_9) by extension 'ignore'
[1.233s] Level 1:colcon.colcon_core.package_identification:_identify(SUNCOR/SUNCOR_9) by extension 'ignore_ament_install'
[1.233s] Level 1:colcon.colcon_core.package_identification:_identify(SUNCOR/SUNCOR_9) by extensions ['colcon_pkg']
[1.233s] Level 1:colcon.colcon_core.package_identification:_identify(SUNCOR/SUNCOR_9) by extension 'colcon_pkg'
[1.233s] Level 1:colcon.colcon_core.package_identification:_identify(SUNCOR/SUNCOR_9) by extensions ['colcon_meta']
[1.233s] Level 1:colcon.colcon_core.package_identification:_identify(SUNCOR/SUNCOR_9) by extension 'colcon_meta'
[1.233s] Level 1:colcon.colcon_core.package_identification:_identify(SUNCOR/SUNCOR_9) by extensions ['ros']
[1.247s] Level 1:colcon.colcon_core.package_identification:_identify(SUNCOR/SUNCOR_9) by extension 'ros'
[1.247s] Level 1:colcon.colcon_core.package_identification:_identify(SUNCOR/SUNCOR_9) by extensions ['cmake', 'python']
[1.247s] Level 1:colcon.colcon_core.package_identification:_identify(SUNCOR/SUNCOR_9) by extension 'cmake'
[1.247s] Level 1:colcon.colcon_core.package_identification:_identify(SUNCOR/SUNCOR_9) by extension 'python'
[1.247s] Level 1:colcon.colcon_core.package_identification:_identify(SUNCOR/SUNCOR_9) by extensions ['python_setup_py']
[1.247s] Level 1:colcon.colcon_core.package_identification:_identify(SUNCOR/SUNCOR_9) by extension 'python_setup_py'
[1.247s] Level 1:colcon.colcon_core.package_identification:_identify(build) by extensions ['ignore', 'ignore_ament_install']
[1.247s] Level 1:colcon.colcon_core.package_identification:_identify(build) by extension 'ignore'
[1.247s] Level 1:colcon.colcon_core.package_identification:_identify(build) ignored
[1.247s] Level 1:colcon.colcon_core.package_identification:_identify(install) by extensions ['ignore', 'ignore_ament_install']
[1.247s] Level 1:colcon.colcon_core.package_identification:_identify(install) by extension 'ignore'
[1.248s] Level 1:colcon.colcon_core.package_identification:_identify(install) ignored
[1.251s] Level 1:colcon.colcon_core.package_identification:_identify(log) by extensions ['ignore', 'ignore_ament_install']
[1.251s] Level 1:colcon.colcon_core.package_identification:_identify(log) by extension 'ignore'
[1.251s] Level 1:colcon.colcon_core.package_identification:_identify(log) ignored
[1.251s] Level 1:colcon.colcon_core.package_identification:_identify(src) by extensions ['ignore', 'ignore_ament_install']
[1.255s] Level 1:colcon.colcon_core.package_identification:_identify(src) by extension 'ignore'
[1.255s] Level 1:colcon.colcon_core.package_identification:_identify(src) by extension 'ignore_ament_install'
[1.255s] Level 1:colcon.colcon_core.package_identification:_identify(src) by extensions ['colcon_pkg']
[1.258s] Level 1:colcon.colcon_core.package_identification:_identify(src) by extension 'colcon_pkg'
[1.258s] Level 1:colcon.colcon_core.package_identification:_identify(src) by extensions ['colcon_meta']
[1.258s] Level 1:colcon.colcon_core.package_identification:_identify(src) by extension 'colcon_meta'
[1.258s] Level 1:colcon.colcon_core.package_identification:_identify(src) by extensions ['ros']
[1.258s] Level 1:colcon.colcon_core.package_identification:_identify(src) by extension 'ros'
[1.258s] Level 1:colcon.colcon_core.package_identification:_identify(src) by extensions ['cmake', 'python']
[1.258s] Level 1:colcon.colcon_core.package_identification:_identify(src) by extension 'cmake'
[1.258s] Level 1:colcon.colcon_core.package_identification:_identify(src) by extension 'python'
[1.259s] Level 1:colcon.colcon_core.package_identification:_identify(src) by extensions ['python_setup_py']
[1.259s] Level 1:colcon.colcon_core.package_identification:_identify(src) by extension 'python_setup_py'
[1.259s] Level 1:colcon.colcon_core.package_identification:_identify(src/automated_counter) by extensions ['ignore', 'ignore_ament_install']
[1.259s] Level 1:colcon.colcon_core.package_identification:_identify(src/automated_counter) by extension 'ignore'
[1.259s] Level 1:colcon.colcon_core.package_identification:_identify(src/automated_counter) by extension 'ignore_ament_install'
[1.259s] Level 1:colcon.colcon_core.package_identification:_identify(src/automated_counter) by extensions ['colcon_pkg']
[1.259s] Level 1:colcon.colcon_core.package_identification:_identify(src/automated_counter) by extension 'colcon_pkg'
[1.259s] Level 1:colcon.colcon_core.package_identification:_identify(src/automated_counter) by extensions ['colcon_meta']
[1.259s] Level 1:colcon.colcon_core.package_identification:_identify(src/automated_counter) by extension 'colcon_meta'
[1.265s] Level 1:colcon.colcon_core.package_identification:_identify(src/automated_counter) by extensions ['ros']
[1.265s] Level 1:colcon.colcon_core.package_identification:_identify(src/automated_counter) by extension 'ros'
[1.312s] DEBUG:colcon.colcon_core.package_identification:Package 'src/automated_counter' with type 'ros.ament_python' and name 'automated_counter'
[1.313s] Level 1:colcon.colcon_core.package_identification:_identify(yolo_datasets) by extensions ['ignore', 'ignore_ament_install']
[1.313s] Level 1:colcon.colcon_core.package_identification:_identify(yolo_datasets) by extension 'ignore'
[1.313s] Level 1:colcon.colcon_core.package_identification:_identify(yolo_datasets) by extension 'ignore_ament_install'
[1.313s] Level 1:colcon.colcon_core.package_identification:_identify(yolo_datasets) by extensions ['colcon_pkg']
[1.313s] Level 1:colcon.colcon_core.package_identification:_identify(yolo_datasets) by extension 'colcon_pkg'
[1.313s] Level 1:colcon.colcon_core.package_identification:_identify(yolo_datasets) by extensions ['colcon_meta']
[1.313s] Level 1:colcon.colcon_core.package_identification:_identify(yolo_datasets) by extension 'colcon_meta'
[1.313s] Level 1:colcon.colcon_core.package_identification:_identify(yolo_datasets) by extensions ['ros']
[1.313s] Level 1:colcon.colcon_core.package_identification:_identify(yolo_datasets) by extension 'ros'
[1.313s] Level 1:colcon.colcon_core.package_identification:_identify(yolo_datasets) by extensions ['cmake', 'python']
[1.313s] Level 1:colcon.colcon_core.package_identification:_identify(yolo_datasets) by extension 'cmake'
[1.313s] Level 1:colcon.colcon_core.package_identification:_identify(yolo_datasets) by extension 'python'
[1.314s] Level 1:colcon.colcon_core.package_identification:_identify(yolo_datasets) by extensions ['python_setup_py']
[1.314s] Level 1:colcon.colcon_core.package_identification:_identify(yolo_datasets) by extension 'python_setup_py'
[1.314s] Level 1:colcon.colcon_core.package_identification:_identify(yolo_datasets/CPC_10) by extensions ['ignore', 'ignore_ament_install']
[1.314s] Level 1:colcon.colcon_core.package_identification:_identify(yolo_datasets/CPC_10) by extension 'ignore'
[1.314s] Level 1:colcon.colcon_core.package_identification:_identify(yolo_datasets/CPC_10) by extension 'ignore_ament_install'
[1.314s] Level 1:colcon.colcon_core.package_identification:_identify(yolo_datasets/CPC_10) by extensions ['colcon_pkg']
[1.314s] Level 1:colcon.colcon_core.package_identification:_identify(yolo_datasets/CPC_10) by extension 'colcon_pkg'
[1.314s] Level 1:colcon.colcon_core.package_identification:_identify(yolo_datasets/CPC_10) by extensions ['colcon_meta']
[1.314s] Level 1:colcon.colcon_core.package_identification:_identify(yolo_datasets/CPC_10) by extension 'colcon_meta'
[1.314s] Level 1:colcon.colcon_core.package_identification:_identify(yolo_datasets/CPC_10) by extensions ['ros']
[1.314s] Level 1:colcon.colcon_core.package_identification:_identify(yolo_datasets/CPC_10) by extension 'ros'
[1.315s] Level 1:colcon.colcon_core.package_identification:_identify(yolo_datasets/CPC_10) by extensions ['cmake', 'python']
[1.315s] Level 1:colcon.colcon_core.package_identification:_identify(yolo_datasets/CPC_10) by extension 'cmake'
[1.315s] Level 1:colcon.colcon_core.package_identification:_identify(yolo_datasets/CPC_10) by extension 'python'
[1.315s] Level 1:colcon.colcon_core.package_identification:_identify(yolo_datasets/CPC_10) by extensions ['python_setup_py']
[1.315s] Level 1:colcon.colcon_core.package_identification:_identify(yolo_datasets/CPC_10) by extension 'python_setup_py'
[1.315s] Level 1:colcon.colcon_core.package_identification:_identify(yolo_datasets/CPC_10/images) by extensions ['ignore', 'ignore_ament_install']
[1.316s] Level 1:colcon.colcon_core.package_identification:_identify(yolo_datasets/CPC_10/images) by extension 'ignore'
[1.316s] Level 1:colcon.colcon_core.package_identification:_identify(yolo_datasets/CPC_10/images) by extension 'ignore_ament_install'
[1.316s] Level 1:colcon.colcon_core.package_identification:_identify(yolo_datasets/CPC_10/images) by extensions ['colcon_pkg']
[1.316s] Level 1:colcon.colcon_core.package_identification:_identify(yolo_datasets/CPC_10/images) by extension 'colcon_pkg'
[1.316s] Level 1:colcon.colcon_core.package_identification:_identify(yolo_datasets/CPC_10/images) by extensions ['colcon_meta']
[1.316s] Level 1:colcon.colcon_core.package_identification:_identify(yolo_datasets/CPC_10/images) by extension 'colcon_meta'
[1.316s] Level 1:colcon.colcon_core.package_identification:_identify(yolo_datasets/CPC_10/images) by extensions ['ros']
[1.316s] Level 1:colcon.colcon_core.package_identification:_identify(yolo_datasets/CPC_10/images) by extension 'ros'
[1.316s] Level 1:colcon.colcon_core.package_identification:_identify(yolo_datasets/CPC_10/images) by extensions ['cmake', 'python']
[1.316s] Level 1:colcon.colcon_core.package_identification:_identify(yolo_datasets/CPC_10/images) by extension 'cmake'
[1.317s] Level 1:colcon.colcon_core.package_identification:_identify(yolo_datasets/CPC_10/images) by extension 'python'
[1.317s] Level 1:colcon.colcon_core.package_identification:_identify(yolo_datasets/CPC_10/images) by extensions ['python_setup_py']
[1.317s] Level 1:colcon.colcon_core.package_identification:_identify(yolo_datasets/CPC_10/images) by extension 'python_setup_py'
[1.317s] Level 1:colcon.colcon_core.package_identification:_identify(yolo_datasets/CPC_10/labels) by extensions ['ignore', 'ignore_ament_install']
[1.317s] Level 1:colcon.colcon_core.package_identification:_identify(yolo_datasets/CPC_10/labels) by extension 'ignore'
[1.317s] Level 1:colcon.colcon_core.package_identification:_identify(yolo_datasets/CPC_10/labels) by extension 'ignore_ament_install'
[1.318s] Level 1:colcon.colcon_core.package_identification:_identify(yolo_datasets/CPC_10/labels) by extensions ['colcon_pkg']
[1.318s] Level 1:colcon.colcon_core.package_identification:_identify(yolo_datasets/CPC_10/labels) by extension 'colcon_pkg'
[1.318s] Level 1:colcon.colcon_core.package_identification:_identify(yolo_datasets/CPC_10/labels) by extensions ['colcon_meta']
[1.318s] Level 1:colcon.colcon_core.package_identification:_identify(yolo_datasets/CPC_10/labels) by extension 'colcon_meta'
[1.318s] Level 1:colcon.colcon_core.package_identification:_identify(yolo_datasets/CPC_10/labels) by extensions ['ros']
[1.318s] Level 1:colcon.colcon_core.package_identification:_identify(yolo_datasets/CPC_10/labels) by extension 'ros'
[1.318s] Level 1:colcon.colcon_core.package_identification:_identify(yolo_datasets/CPC_10/labels) by extensions ['cmake', 'python']
[1.318s] Level 1:colcon.colcon_core.package_identification:_identify(yolo_datasets/CPC_10/labels) by extension 'cmake'
[1.318s] Level 1:colcon.colcon_core.package_identification:_identify(yolo_datasets/CPC_10/labels) by extension 'python'
[1.318s] Level 1:colcon.colcon_core.package_identification:_identify(yolo_datasets/CPC_10/labels) by extensions ['python_setup_py']
[1.318s] Level 1:colcon.colcon_core.package_identification:_identify(yolo_datasets/CPC_10/labels) by extension 'python_setup_py'
[1.318s] Level 1:colcon.colcon_core.package_identification:_identify(yolo_datasets/CPC_9) by extensions ['ignore', 'ignore_ament_install']
[1.318s] Level 1:colcon.colcon_core.package_identification:_identify(yolo_datasets/CPC_9) by extension 'ignore'
[1.318s] Level 1:colcon.colcon_core.package_identification:_identify(yolo_datasets/CPC_9) by extension 'ignore_ament_install'
[1.318s] Level 1:colcon.colcon_core.package_identification:_identify(yolo_datasets/CPC_9) by extensions ['colcon_pkg']
[1.319s] Level 1:colcon.colcon_core.package_identification:_identify(yolo_datasets/CPC_9) by extension 'colcon_pkg'
[1.319s] Level 1:colcon.colcon_core.package_identification:_identify(yolo_datasets/CPC_9) by extensions ['colcon_meta']
[1.319s] Level 1:colcon.colcon_core.package_identification:_identify(yolo_datasets/CPC_9) by extension 'colcon_meta'
[1.319s] Level 1:colcon.colcon_core.package_identification:_identify(yolo_datasets/CPC_9) by extensions ['ros']
[1.319s] Level 1:colcon.colcon_core.package_identification:_identify(yolo_datasets/CPC_9) by extension 'ros'
[1.319s] Level 1:colcon.colcon_core.package_identification:_identify(yolo_datasets/CPC_9) by extensions ['cmake', 'python']
[1.319s] Level 1:colcon.colcon_core.package_identification:_identify(yolo_datasets/CPC_9) by extension 'cmake'
[1.319s] Level 1:colcon.colcon_core.package_identification:_identify(yolo_datasets/CPC_9) by extension 'python'
[1.319s] Level 1:colcon.colcon_core.package_identification:_identify(yolo_datasets/CPC_9) by extensions ['python_setup_py']
[1.319s] Level 1:colcon.colcon_core.package_identification:_identify(yolo_datasets/CPC_9) by extension 'python_setup_py'
[1.319s] Level 1:colcon.colcon_core.package_identification:_identify(yolo_datasets/CPC_9/images) by extensions ['ignore', 'ignore_ament_install']
[1.320s] Level 1:colcon.colcon_core.package_identification:_identify(yolo_datasets/CPC_9/images) by extension 'ignore'
[1.320s] Level 1:colcon.colcon_core.package_identification:_identify(yolo_datasets/CPC_9/images) by extension 'ignore_ament_install'
[1.320s] Level 1:colcon.colcon_core.package_identification:_identify(yolo_datasets/CPC_9/images) by extensions ['colcon_pkg']
[1.320s] Level 1:colcon.colcon_core.package_identification:_identify(yolo_datasets/CPC_9/images) by extension 'colcon_pkg'
[1.320s] Level 1:colcon.colcon_core.package_identification:_identify(yolo_datasets/CPC_9/images) by extensions ['colcon_meta']
[1.320s] Level 1:colcon.colcon_core.package_identification:_identify(yolo_datasets/CPC_9/images) by extension 'colcon_meta'
[1.320s] Level 1:colcon.colcon_core.package_identification:_identify(yolo_datasets/CPC_9/images) by extensions ['ros']
[1.320s] Level 1:colcon.colcon_core.package_identification:_identify(yolo_datasets/CPC_9/images) by extension 'ros'
[1.320s] Level 1:colcon.colcon_core.package_identification:_identify(yolo_datasets/CPC_9/images) by extensions ['cmake', 'python']
[1.320s] Level 1:colcon.colcon_core.package_identification:_identify(yolo_datasets/CPC_9/images) by extension 'cmake'
[1.320s] Level 1:colcon.colcon_core.package_identification:_identify(yolo_datasets/CPC_9/images) by extension 'python'
[1.320s] Level 1:colcon.colcon_core.package_identification:_identify(yolo_datasets/CPC_9/images) by extensions ['python_setup_py']
[1.320s] Level 1:colcon.colcon_core.package_identification:_identify(yolo_datasets/CPC_9/images) by extension 'python_setup_py'
[1.320s] Level 1:colcon.colcon_core.package_identification:_identify(yolo_datasets/CPC_9/labels) by extensions ['ignore', 'ignore_ament_install']
[1.320s] Level 1:colcon.colcon_core.package_identification:_identify(yolo_datasets/CPC_9/labels) by extension 'ignore'
[1.320s] Level 1:colcon.colcon_core.package_identification:_identify(yolo_datasets/CPC_9/labels) by extension 'ignore_ament_install'
[1.320s] Level 1:colcon.colcon_core.package_identification:_identify(yolo_datasets/CPC_9/labels) by extensions ['colcon_pkg']
[1.320s] Level 1:colcon.colcon_core.package_identification:_identify(yolo_datasets/CPC_9/labels) by extension 'colcon_pkg'
[1.320s] Level 1:colcon.colcon_core.package_identification:_identify(yolo_datasets/CPC_9/labels) by extensions ['colcon_meta']
[1.320s] Level 1:colcon.colcon_core.package_identification:_identify(yolo_datasets/CPC_9/labels) by extension 'colcon_meta'
[1.320s] Level 1:colcon.colcon_core.package_identification:_identify(yolo_datasets/CPC_9/labels) by extensions ['ros']
[1.320s] Level 1:colcon.colcon_core.package_identification:_identify(yolo_datasets/CPC_9/labels) by extension 'ros'
[1.321s] Level 1:colcon.colcon_core.package_identification:_identify(yolo_datasets/CPC_9/labels) by extensions ['cmake', 'python']
[1.321s] Level 1:colcon.colcon_core.package_identification:_identify(yolo_datasets/CPC_9/labels) by extension 'cmake'
[1.321s] Level 1:colcon.colcon_core.package_identification:_identify(yolo_datasets/CPC_9/labels) by extension 'python'
[1.321s] Level 1:colcon.colcon_core.package_identification:_identify(yolo_datasets/CPC_9/labels) by extensions ['python_setup_py']
[1.321s] Level 1:colcon.colcon_core.package_identification:_identify(yolo_datasets/CPC_9/labels) by extension 'python_setup_py'
[1.321s] Level 1:colcon.colcon_core.package_identification:_identify(yolo_train) by extensions ['ignore', 'ignore_ament_install']
[1.321s] Level 1:colcon.colcon_core.package_identification:_identify(yolo_train) by extension 'ignore'
[1.321s] Level 1:colcon.colcon_core.package_identification:_identify(yolo_train) by extension 'ignore_ament_install'
[1.321s] Level 1:colcon.colcon_core.package_identification:_identify(yolo_train) by extensions ['colcon_pkg']
[1.321s] Level 1:colcon.colcon_core.package_identification:_identify(yolo_train) by extension 'colcon_pkg'
[1.322s] Level 1:colcon.colcon_core.package_identification:_identify(yolo_train) by extensions ['colcon_meta']
[1.322s] Level 1:colcon.colcon_core.package_identification:_identify(yolo_train) by extension 'colcon_meta'
[1.322s] Level 1:colcon.colcon_core.package_identification:_identify(yolo_train) by extensions ['ros']
[1.322s] Level 1:colcon.colcon_core.package_identification:_identify(yolo_train) by extension 'ros'
[1.322s] Level 1:colcon.colcon_core.package_identification:_identify(yolo_train) by extensions ['cmake', 'python']
[1.322s] Level 1:colcon.colcon_core.package_identification:_identify(yolo_train) by extension 'cmake'
[1.322s] Level 1:colcon.colcon_core.package_identification:_identify(yolo_train) by extension 'python'
[1.322s] Level 1:colcon.colcon_core.package_identification:_identify(yolo_train) by extensions ['python_setup_py']
[1.322s] Level 1:colcon.colcon_core.package_identification:_identify(yolo_train) by extension 'python_setup_py'
[1.322s] Level 1:colcon.colcon_core.package_identification:_identify(yolo_train/bolt_detection_CPC_CPC_9) by extensions ['ignore', 'ignore_ament_install']
[1.322s] Level 1:colcon.colcon_core.package_identification:_identify(yolo_train/bolt_detection_CPC_CPC_9) by extension 'ignore'
[1.322s] Level 1:colcon.colcon_core.package_identification:_identify(yolo_train/bolt_detection_CPC_CPC_9) by extension 'ignore_ament_install'
[1.322s] Level 1:colcon.colcon_core.package_identification:_identify(yolo_train/bolt_detection_CPC_CPC_9) by extensions ['colcon_pkg']
[1.322s] Level 1:colcon.colcon_core.package_identification:_identify(yolo_train/bolt_detection_CPC_CPC_9) by extension 'colcon_pkg'
[1.323s] Level 1:colcon.colcon_core.package_identification:_identify(yolo_train/bolt_detection_CPC_CPC_9) by extensions ['colcon_meta']
[1.323s] Level 1:colcon.colcon_core.package_identification:_identify(yolo_train/bolt_detection_CPC_CPC_9) by extension 'colcon_meta'
[1.323s] Level 1:colcon.colcon_core.package_identification:_identify(yolo_train/bolt_detection_CPC_CPC_9) by extensions ['ros']
[1.329s] Level 1:colcon.colcon_core.package_identification:_identify(yolo_train/bolt_detection_CPC_CPC_9) by extension 'ros'
[1.329s] Level 1:colcon.colcon_core.package_identification:_identify(yolo_train/bolt_detection_CPC_CPC_9) by extensions ['cmake', 'python']
[1.329s] Level 1:colcon.colcon_core.package_identification:_identify(yolo_train/bolt_detection_CPC_CPC_9) by extension 'cmake'
[1.329s] Level 1:colcon.colcon_core.package_identification:_identify(yolo_train/bolt_detection_CPC_CPC_9) by extension 'python'
[1.329s] Level 1:colcon.colcon_core.package_identification:_identify(yolo_train/bolt_detection_CPC_CPC_9) by extensions ['python_setup_py']
[1.329s] Level 1:colcon.colcon_core.package_identification:_identify(yolo_train/bolt_detection_CPC_CPC_9) by extension 'python_setup_py'
[1.330s] Level 1:colcon.colcon_core.package_identification:_identify(yolo_train/bolt_detection_CPC_CPC_9/weights) by extensions ['ignore', 'ignore_ament_install']
[1.330s] Level 1:colcon.colcon_core.package_identification:_identify(yolo_train/bolt_detection_CPC_CPC_9/weights) by extension 'ignore'
[1.330s] Level 1:colcon.colcon_core.package_identification:_identify(yolo_train/bolt_detection_CPC_CPC_9/weights) by extension 'ignore_ament_install'
[1.330s] Level 1:colcon.colcon_core.package_identification:_identify(yolo_train/bolt_detection_CPC_CPC_9/weights) by extensions ['colcon_pkg']
[1.330s] Level 1:colcon.colcon_core.package_identification:_identify(yolo_train/bolt_detection_CPC_CPC_9/weights) by extension 'colcon_pkg'
[1.330s] Level 1:colcon.colcon_core.package_identification:_identify(yolo_train/bolt_detection_CPC_CPC_9/weights) by extensions ['colcon_meta']
[1.330s] Level 1:colcon.colcon_core.package_identification:_identify(yolo_train/bolt_detection_CPC_CPC_9/weights) by extension 'colcon_meta'
[1.330s] Level 1:colcon.colcon_core.package_identification:_identify(yolo_train/bolt_detection_CPC_CPC_9/weights) by extensions ['ros']
[1.330s] Level 1:colcon.colcon_core.package_identification:_identify(yolo_train/bolt_detection_CPC_CPC_9/weights) by extension 'ros'
[1.330s] Level 1:colcon.colcon_core.package_identification:_identify(yolo_train/bolt_detection_CPC_CPC_9/weights) by extensions ['cmake', 'python']
[1.330s] Level 1:colcon.colcon_core.package_identification:_identify(yolo_train/bolt_detection_CPC_CPC_9/weights) by extension 'cmake'
[1.331s] Level 1:colcon.colcon_core.package_identification:_identify(yolo_train/bolt_detection_CPC_CPC_9/weights) by extension 'python'
[1.331s] Level 1:colcon.colcon_core.package_identification:_identify(yolo_train/bolt_detection_CPC_CPC_9/weights) by extensions ['python_setup_py']
[1.331s] Level 1:colcon.colcon_core.package_identification:_identify(yolo_train/bolt_detection_CPC_CPC_9/weights) by extension 'python_setup_py'
[1.331s] Level 1:colcon.colcon_core.package_identification:_identify(yolo_train/bolt_detection_CPC_CPC_910) by extensions ['ignore', 'ignore_ament_install']
[1.331s] Level 1:colcon.colcon_core.package_identification:_identify(yolo_train/bolt_detection_CPC_CPC_910) by extension 'ignore'
[1.331s] Level 1:colcon.colcon_core.package_identification:_identify(yolo_train/bolt_detection_CPC_CPC_910) by extension 'ignore_ament_install'
[1.331s] Level 1:colcon.colcon_core.package_identification:_identify(yolo_train/bolt_detection_CPC_CPC_910) by extensions ['colcon_pkg']
[1.331s] Level 1:colcon.colcon_core.package_identification:_identify(yolo_train/bolt_detection_CPC_CPC_910) by extension 'colcon_pkg'
[1.331s] Level 1:colcon.colcon_core.package_identification:_identify(yolo_train/bolt_detection_CPC_CPC_910) by extensions ['colcon_meta']
[1.331s] Level 1:colcon.colcon_core.package_identification:_identify(yolo_train/bolt_detection_CPC_CPC_910) by extension 'colcon_meta'
[1.331s] Level 1:colcon.colcon_core.package_identification:_identify(yolo_train/bolt_detection_CPC_CPC_910) by extensions ['ros']
[1.332s] Level 1:colcon.colcon_core.package_identification:_identify(yolo_train/bolt_detection_CPC_CPC_910) by extension 'ros'
[1.332s] Level 1:colcon.colcon_core.package_identification:_identify(yolo_train/bolt_detection_CPC_CPC_910) by extensions ['cmake', 'python']
[1.332s] Level 1:colcon.colcon_core.package_identification:_identify(yolo_train/bolt_detection_CPC_CPC_910) by extension 'cmake'
[1.332s] Level 1:colcon.colcon_core.package_identification:_identify(yolo_train/bolt_detection_CPC_CPC_910) by extension 'python'
[1.332s] Level 1:colcon.colcon_core.package_identification:_identify(yolo_train/bolt_detection_CPC_CPC_910) by extensions ['python_setup_py']
[1.332s] Level 1:colcon.colcon_core.package_identification:_identify(yolo_train/bolt_detection_CPC_CPC_910) by extension 'python_setup_py'
[1.332s] Level 1:colcon.colcon_core.package_identification:_identify(yolo_train/bolt_detection_CPC_CPC_910/weights) by extensions ['ignore', 'ignore_ament_install']
[1.332s] Level 1:colcon.colcon_core.package_identification:_identify(yolo_train/bolt_detection_CPC_CPC_910/weights) by extension 'ignore'
[1.332s] Level 1:colcon.colcon_core.package_identification:_identify(yolo_train/bolt_detection_CPC_CPC_910/weights) by extension 'ignore_ament_install'
[1.332s] Level 1:colcon.colcon_core.package_identification:_identify(yolo_train/bolt_detection_CPC_CPC_910/weights) by extensions ['colcon_pkg']
[1.332s] Level 1:colcon.colcon_core.package_identification:_identify(yolo_train/bolt_detection_CPC_CPC_910/weights) by extension 'colcon_pkg'
[1.333s] Level 1:colcon.colcon_core.package_identification:_identify(yolo_train/bolt_detection_CPC_CPC_910/weights) by extensions ['colcon_meta']
[1.333s] Level 1:colcon.colcon_core.package_identification:_identify(yolo_train/bolt_detection_CPC_CPC_910/weights) by extension 'colcon_meta'
[1.333s] Level 1:colcon.colcon_core.package_identification:_identify(yolo_train/bolt_detection_CPC_CPC_910/weights) by extensions ['ros']
[1.333s] Level 1:colcon.colcon_core.package_identification:_identify(yolo_train/bolt_detection_CPC_CPC_910/weights) by extension 'ros'
[1.333s] Level 1:colcon.colcon_core.package_identification:_identify(yolo_train/bolt_detection_CPC_CPC_910/weights) by extensions ['cmake', 'python']
[1.333s] Level 1:colcon.colcon_core.package_identification:_identify(yolo_train/bolt_detection_CPC_CPC_910/weights) by extension 'cmake'
[1.333s] Level 1:colcon.colcon_core.package_identification:_identify(yolo_train/bolt_detection_CPC_CPC_910/weights) by extension 'python'
[1.333s] Level 1:colcon.colcon_core.package_identification:_identify(yolo_train/bolt_detection_CPC_CPC_910/weights) by extensions ['python_setup_py']
[1.333s] Level 1:colcon.colcon_core.package_identification:_identify(yolo_train/bolt_detection_CPC_CPC_910/weights) by extension 'python_setup_py'
[1.333s] Level 1:colcon.colcon_core.package_identification:_identify(yolo_train/bolt_detection_CPC_CPC_911) by extensions ['ignore', 'ignore_ament_install']
[1.334s] Level 1:colcon.colcon_core.package_identification:_identify(yolo_train/bolt_detection_CPC_CPC_911) by extension 'ignore'
[1.334s] Level 1:colcon.colcon_core.package_identification:_identify(yolo_train/bolt_detection_CPC_CPC_911) by extension 'ignore_ament_install'
[1.334s] Level 1:colcon.colcon_core.package_identification:_identify(yolo_train/bolt_detection_CPC_CPC_911) by extensions ['colcon_pkg']
[1.334s] Level 1:colcon.colcon_core.package_identification:_identify(yolo_train/bolt_detection_CPC_CPC_911) by extension 'colcon_pkg'
[1.334s] Level 1:colcon.colcon_core.package_identification:_identify(yolo_train/bolt_detection_CPC_CPC_911) by extensions ['colcon_meta']
[1.334s] Level 1:colcon.colcon_core.package_identification:_identify(yolo_train/bolt_detection_CPC_CPC_911) by extension 'colcon_meta'
[1.334s] Level 1:colcon.colcon_core.package_identification:_identify(yolo_train/bolt_detection_CPC_CPC_911) by extensions ['ros']
[1.334s] Level 1:colcon.colcon_core.package_identification:_identify(yolo_train/bolt_detection_CPC_CPC_911) by extension 'ros'
[1.334s] Level 1:colcon.colcon_core.package_identification:_identify(yolo_train/bolt_detection_CPC_CPC_911) by extensions ['cmake', 'python']
[1.334s] Level 1:colcon.colcon_core.package_identification:_identify(yolo_train/bolt_detection_CPC_CPC_911) by extension 'cmake'
[1.335s] Level 1:colcon.colcon_core.package_identification:_identify(yolo_train/bolt_detection_CPC_CPC_911) by extension 'python'
[1.335s] Level 1:colcon.colcon_core.package_identification:_identify(yolo_train/bolt_detection_CPC_CPC_911) by extensions ['python_setup_py']
[1.335s] Level 1:colcon.colcon_core.package_identification:_identify(yolo_train/bolt_detection_CPC_CPC_911) by extension 'python_setup_py'
[1.335s] Level 1:colcon.colcon_core.package_identification:_identify(yolo_train/bolt_detection_CPC_CPC_911/weights) by extensions ['ignore', 'ignore_ament_install']
[1.335s] Level 1:colcon.colcon_core.package_identification:_identify(yolo_train/bolt_detection_CPC_CPC_911/weights) by extension 'ignore'
[1.335s] Level 1:colcon.colcon_core.package_identification:_identify(yolo_train/bolt_detection_CPC_CPC_911/weights) by extension 'ignore_ament_install'
[1.335s] Level 1:colcon.colcon_core.package_identification:_identify(yolo_train/bolt_detection_CPC_CPC_911/weights) by extensions ['colcon_pkg']
[1.335s] Level 1:colcon.colcon_core.package_identification:_identify(yolo_train/bolt_detection_CPC_CPC_911/weights) by extension 'colcon_pkg'
[1.335s] Level 1:colcon.colcon_core.package_identification:_identify(yolo_train/bolt_detection_CPC_CPC_911/weights) by extensions ['colcon_meta']
[1.335s] Level 1:colcon.colcon_core.package_identification:_identify(yolo_train/bolt_detection_CPC_CPC_911/weights) by extension 'colcon_meta'
[1.335s] Level 1:colcon.colcon_core.package_identification:_identify(yolo_train/bolt_detection_CPC_CPC_911/weights) by extensions ['ros']
[1.335s] Level 1:colcon.colcon_core.package_identification:_identify(yolo_train/bolt_detection_CPC_CPC_911/weights) by extension 'ros'
[1.335s] Level 1:colcon.colcon_core.package_identification:_identify(yolo_train/bolt_detection_CPC_CPC_911/weights) by extensions ['cmake', 'python']
[1.335s] Level 1:colcon.colcon_core.package_identification:_identify(yolo_train/bolt_detection_CPC_CPC_911/weights) by extension 'cmake'
[1.335s] Level 1:colcon.colcon_core.package_identification:_identify(yolo_train/bolt_detection_CPC_CPC_911/weights) by extension 'python'
[1.335s] Level 1:colcon.colcon_core.package_identification:_identify(yolo_train/bolt_detection_CPC_CPC_911/weights) by extensions ['python_setup_py']
[1.335s] Level 1:colcon.colcon_core.package_identification:_identify(yolo_train/bolt_detection_CPC_CPC_911/weights) by extension 'python_setup_py'
[1.336s] Level 1:colcon.colcon_core.package_identification:_identify(yolo_train/bolt_detection_CPC_CPC_912) by extensions ['ignore', 'ignore_ament_install']
[1.336s] Level 1:colcon.colcon_core.package_identification:_identify(yolo_train/bolt_detection_CPC_CPC_912) by extension 'ignore'
[1.336s] Level 1:colcon.colcon_core.package_identification:_identify(yolo_train/bolt_detection_CPC_CPC_912) by extension 'ignore_ament_install'
[1.336s] Level 1:colcon.colcon_core.package_identification:_identify(yolo_train/bolt_detection_CPC_CPC_912) by extensions ['colcon_pkg']
[1.336s] Level 1:colcon.colcon_core.package_identification:_identify(yolo_train/bolt_detection_CPC_CPC_912) by extension 'colcon_pkg'
[1.336s] Level 1:colcon.colcon_core.package_identification:_identify(yolo_train/bolt_detection_CPC_CPC_912) by extensions ['colcon_meta']
[1.337s] Level 1:colcon.colcon_core.package_identification:_identify(yolo_train/bolt_detection_CPC_CPC_912) by extension 'colcon_meta'
[1.337s] Level 1:colcon.colcon_core.package_identification:_identify(yolo_train/bolt_detection_CPC_CPC_912) by extensions ['ros']
[1.337s] Level 1:colcon.colcon_core.package_identification:_identify(yolo_train/bolt_detection_CPC_CPC_912) by extension 'ros'
[1.337s] Level 1:colcon.colcon_core.package_identification:_identify(yolo_train/bolt_detection_CPC_CPC_912) by extensions ['cmake', 'python']
[1.337s] Level 1:colcon.colcon_core.package_identification:_identify(yolo_train/bolt_detection_CPC_CPC_912) by extension 'cmake'
[1.337s] Level 1:colcon.colcon_core.package_identification:_identify(yolo_train/bolt_detection_CPC_CPC_912) by extension 'python'
[1.337s] Level 1:colcon.colcon_core.package_identification:_identify(yolo_train/bolt_detection_CPC_CPC_912) by extensions ['python_setup_py']
[1.338s] Level 1:colcon.colcon_core.package_identification:_identify(yolo_train/bolt_detection_CPC_CPC_912) by extension 'python_setup_py'
[1.338s] Level 1:colcon.colcon_core.package_identification:_identify(yolo_train/bolt_detection_CPC_CPC_912/weights) by extensions ['ignore', 'ignore_ament_install']
[1.338s] Level 1:colcon.colcon_core.package_identification:_identify(yolo_train/bolt_detection_CPC_CPC_912/weights) by extension 'ignore'
[1.338s] Level 1:colcon.colcon_core.package_identification:_identify(yolo_train/bolt_detection_CPC_CPC_912/weights) by extension 'ignore_ament_install'
[1.338s] Level 1:colcon.colcon_core.package_identification:_identify(yolo_train/bolt_detection_CPC_CPC_912/weights) by extensions ['colcon_pkg']
[1.338s] Level 1:colcon.colcon_core.package_identification:_identify(yolo_train/bolt_detection_CPC_CPC_912/weights) by extension 'colcon_pkg'
[1.338s] Level 1:colcon.colcon_core.package_identification:_identify(yolo_train/bolt_detection_CPC_CPC_912/weights) by extensions ['colcon_meta']
[1.338s] Level 1:colcon.colcon_core.package_identification:_identify(yolo_train/bolt_detection_CPC_CPC_912/weights) by extension 'colcon_meta'
[1.338s] Level 1:colcon.colcon_core.package_identification:_identify(yolo_train/bolt_detection_CPC_CPC_912/weights) by extensions ['ros']
[1.338s] Level 1:colcon.colcon_core.package_identification:_identify(yolo_train/bolt_detection_CPC_CPC_912/weights) by extension 'ros'
[1.338s] Level 1:colcon.colcon_core.package_identification:_identify(yolo_train/bolt_detection_CPC_CPC_912/weights) by extensions ['cmake', 'python']
[1.338s] Level 1:colcon.colcon_core.package_identification:_identify(yolo_train/bolt_detection_CPC_CPC_912/weights) by extension 'cmake'
[1.338s] Level 1:colcon.colcon_core.package_identification:_identify(yolo_train/bolt_detection_CPC_CPC_912/weights) by extension 'python'
[1.339s] Level 1:colcon.colcon_core.package_identification:_identify(yolo_train/bolt_detection_CPC_CPC_912/weights) by extensions ['python_setup_py']
[1.339s] Level 1:colcon.colcon_core.package_identification:_identify(yolo_train/bolt_detection_CPC_CPC_912/weights) by extension 'python_setup_py'
[1.339s] Level 1:colcon.colcon_core.package_identification:_identify(yolo_train/bolt_detection_CPC_CPC_92) by extensions ['ignore', 'ignore_ament_install']
[1.339s] Level 1:colcon.colcon_core.package_identification:_identify(yolo_train/bolt_detection_CPC_CPC_92) by extension 'ignore'
[1.339s] Level 1:colcon.colcon_core.package_identification:_identify(yolo_train/bolt_detection_CPC_CPC_92) by extension 'ignore_ament_install'
[1.339s] Level 1:colcon.colcon_core.package_identification:_identify(yolo_train/bolt_detection_CPC_CPC_92) by extensions ['colcon_pkg']
[1.339s] Level 1:colcon.colcon_core.package_identification:_identify(yolo_train/bolt_detection_CPC_CPC_92) by extension 'colcon_pkg'
[1.340s] Level 1:colcon.colcon_core.package_identification:_identify(yolo_train/bolt_detection_CPC_CPC_92) by extensions ['colcon_meta']
[1.340s] Level 1:colcon.colcon_core.package_identification:_identify(yolo_train/bolt_detection_CPC_CPC_92) by extension 'colcon_meta'
[1.340s] Level 1:colcon.colcon_core.package_identification:_identify(yolo_train/bolt_detection_CPC_CPC_92) by extensions ['ros']
[1.340s] Level 1:colcon.colcon_core.package_identification:_identify(yolo_train/bolt_detection_CPC_CPC_92) by extension 'ros'
[1.340s] Level 1:colcon.colcon_core.package_identification:_identify(yolo_train/bolt_detection_CPC_CPC_92) by extensions ['cmake', 'python']
[1.340s] Level 1:colcon.colcon_core.package_identification:_identify(yolo_train/bolt_detection_CPC_CPC_92) by extension 'cmake'
[1.340s] Level 1:colcon.colcon_core.package_identification:_identify(yolo_train/bolt_detection_CPC_CPC_92) by extension 'python'
[1.340s] Level 1:colcon.colcon_core.package_identification:_identify(yolo_train/bolt_detection_CPC_CPC_92) by extensions ['python_setup_py']
[1.340s] Level 1:colcon.colcon_core.package_identification:_identify(yolo_train/bolt_detection_CPC_CPC_92) by extension 'python_setup_py'
[1.341s] Level 1:colcon.colcon_core.package_identification:_identify(yolo_train/bolt_detection_CPC_CPC_92/weights) by extensions ['ignore', 'ignore_ament_install']
[1.341s] Level 1:colcon.colcon_core.package_identification:_identify(yolo_train/bolt_detection_CPC_CPC_92/weights) by extension 'ignore'
[1.341s] Level 1:colcon.colcon_core.package_identification:_identify(yolo_train/bolt_detection_CPC_CPC_92/weights) by extension 'ignore_ament_install'
[1.341s] Level 1:colcon.colcon_core.package_identification:_identify(yolo_train/bolt_detection_CPC_CPC_92/weights) by extensions ['colcon_pkg']
[1.341s] Level 1:colcon.colcon_core.package_identification:_identify(yolo_train/bolt_detection_CPC_CPC_92/weights) by extension 'colcon_pkg'
[1.341s] Level 1:colcon.colcon_core.package_identification:_identify(yolo_train/bolt_detection_CPC_CPC_92/weights) by extensions ['colcon_meta']
[1.341s] Level 1:colcon.colcon_core.package_identification:_identify(yolo_train/bolt_detection_CPC_CPC_92/weights) by extension 'colcon_meta'
[1.341s] Level 1:colcon.colcon_core.package_identification:_identify(yolo_train/bolt_detection_CPC_CPC_92/weights) by extensions ['ros']
[1.341s] Level 1:colcon.colcon_core.package_identification:_identify(yolo_train/bolt_detection_CPC_CPC_92/weights) by extension 'ros'
[1.341s] Level 1:colcon.colcon_core.package_identification:_identify(yolo_train/bolt_detection_CPC_CPC_92/weights) by extensions ['cmake', 'python']
[1.341s] Level 1:colcon.colcon_core.package_identification:_identify(yolo_train/bolt_detection_CPC_CPC_92/weights) by extension 'cmake'
[1.341s] Level 1:colcon.colcon_core.package_identification:_identify(yolo_train/bolt_detection_CPC_CPC_92/weights) by extension 'python'
[1.341s] Level 1:colcon.colcon_core.package_identification:_identify(yolo_train/bolt_detection_CPC_CPC_92/weights) by extensions ['python_setup_py']
[1.341s] Level 1:colcon.colcon_core.package_identification:_identify(yolo_train/bolt_detection_CPC_CPC_92/weights) by extension 'python_setup_py'
[1.341s] Level 1:colcon.colcon_core.package_identification:_identify(yolo_train/bolt_detection_CPC_CPC_93) by extensions ['ignore', 'ignore_ament_install']
[1.342s] Level 1:colcon.colcon_core.package_identification:_identify(yolo_train/bolt_detection_CPC_CPC_93) by extension 'ignore'
[1.342s] Level 1:colcon.colcon_core.package_identification:_identify(yolo_train/bolt_detection_CPC_CPC_93) by extension 'ignore_ament_install'
[1.342s] Level 1:colcon.colcon_core.package_identification:_identify(yolo_train/bolt_detection_CPC_CPC_93) by extensions ['colcon_pkg']
[1.342s] Level 1:colcon.colcon_core.package_identification:_identify(yolo_train/bolt_detection_CPC_CPC_93) by extension 'colcon_pkg'
[1.342s] Level 1:colcon.colcon_core.package_identification:_identify(yolo_train/bolt_detection_CPC_CPC_93) by extensions ['colcon_meta']
[1.342s] Level 1:colcon.colcon_core.package_identification:_identify(yolo_train/bolt_detection_CPC_CPC_93) by extension 'colcon_meta'
[1.342s] Level 1:colcon.colcon_core.package_identification:_identify(yolo_train/bolt_detection_CPC_CPC_93) by extensions ['ros']
[1.342s] Level 1:colcon.colcon_core.package_identification:_identify(yolo_train/bolt_detection_CPC_CPC_93) by extension 'ros'
[1.342s] Level 1:colcon.colcon_core.package_identification:_identify(yolo_train/bolt_detection_CPC_CPC_93) by extensions ['cmake', 'python']
[1.342s] Level 1:colcon.colcon_core.package_identification:_identify(yolo_train/bolt_detection_CPC_CPC_93) by extension 'cmake'
[1.342s] Level 1:colcon.colcon_core.package_identification:_identify(yolo_train/bolt_detection_CPC_CPC_93) by extension 'python'
[1.343s] Level 1:colcon.colcon_core.package_identification:_identify(yolo_train/bolt_detection_CPC_CPC_93) by extensions ['python_setup_py']
[1.343s] Level 1:colcon.colcon_core.package_identification:_identify(yolo_train/bolt_detection_CPC_CPC_93) by extension 'python_setup_py'
[1.343s] Level 1:colcon.colcon_core.package_identification:_identify(yolo_train/bolt_detection_CPC_CPC_93/weights) by extensions ['ignore', 'ignore_ament_install']
[1.343s] Level 1:colcon.colcon_core.package_identification:_identify(yolo_train/bolt_detection_CPC_CPC_93/weights) by extension 'ignore'
[1.343s] Level 1:colcon.colcon_core.package_identification:_identify(yolo_train/bolt_detection_CPC_CPC_93/weights) by extension 'ignore_ament_install'
[1.343s] Level 1:colcon.colcon_core.package_identification:_identify(yolo_train/bolt_detection_CPC_CPC_93/weights) by extensions ['colcon_pkg']
[1.343s] Level 1:colcon.colcon_core.package_identification:_identify(yolo_train/bolt_detection_CPC_CPC_93/weights) by extension 'colcon_pkg'
[1.343s] Level 1:colcon.colcon_core.package_identification:_identify(yolo_train/bolt_detection_CPC_CPC_93/weights) by extensions ['colcon_meta']
[1.343s] Level 1:colcon.colcon_core.package_identification:_identify(yolo_train/bolt_detection_CPC_CPC_93/weights) by extension 'colcon_meta'
[1.343s] Level 1:colcon.colcon_core.package_identification:_identify(yolo_train/bolt_detection_CPC_CPC_93/weights) by extensions ['ros']
[1.343s] Level 1:colcon.colcon_core.package_identification:_identify(yolo_train/bolt_detection_CPC_CPC_93/weights) by extension 'ros'
[1.343s] Level 1:colcon.colcon_core.package_identification:_identify(yolo_train/bolt_detection_CPC_CPC_93/weights) by extensions ['cmake', 'python']
[1.343s] Level 1:colcon.colcon_core.package_identification:_identify(yolo_train/bolt_detection_CPC_CPC_93/weights) by extension 'cmake'
[1.343s] Level 1:colcon.colcon_core.package_identification:_identify(yolo_train/bolt_detection_CPC_CPC_93/weights) by extension 'python'
[1.343s] Level 1:colcon.colcon_core.package_identification:_identify(yolo_train/bolt_detection_CPC_CPC_93/weights) by extensions ['python_setup_py']
[1.343s] Level 1:colcon.colcon_core.package_identification:_identify(yolo_train/bolt_detection_CPC_CPC_93/weights) by extension 'python_setup_py'
[1.343s] Level 1:colcon.colcon_core.package_identification:_identify(yolo_train/bolt_detection_CPC_CPC_94) by extensions ['ignore', 'ignore_ament_install']
[1.344s] Level 1:colcon.colcon_core.package_identification:_identify(yolo_train/bolt_detection_CPC_CPC_94) by extension 'ignore'
[1.344s] Level 1:colcon.colcon_core.package_identification:_identify(yolo_train/bolt_detection_CPC_CPC_94) by extension 'ignore_ament_install'
[1.344s] Level 1:colcon.colcon_core.package_identification:_identify(yolo_train/bolt_detection_CPC_CPC_94) by extensions ['colcon_pkg']
[1.344s] Level 1:colcon.colcon_core.package_identification:_identify(yolo_train/bolt_detection_CPC_CPC_94) by extension 'colcon_pkg'
[1.344s] Level 1:colcon.colcon_core.package_identification:_identify(yolo_train/bolt_detection_CPC_CPC_94) by extensions ['colcon_meta']
[1.344s] Level 1:colcon.colcon_core.package_identification:_identify(yolo_train/bolt_detection_CPC_CPC_94) by extension 'colcon_meta'
[1.344s] Level 1:colcon.colcon_core.package_identification:_identify(yolo_train/bolt_detection_CPC_CPC_94) by extensions ['ros']
[1.344s] Level 1:colcon.colcon_core.package_identification:_identify(yolo_train/bolt_detection_CPC_CPC_94) by extension 'ros'
[1.344s] Level 1:colcon.colcon_core.package_identification:_identify(yolo_train/bolt_detection_CPC_CPC_94) by extensions ['cmake', 'python']
[1.344s] Level 1:colcon.colcon_core.package_identification:_identify(yolo_train/bolt_detection_CPC_CPC_94) by extension 'cmake'
[1.344s] Level 1:colcon.colcon_core.package_identification:_identify(yolo_train/bolt_detection_CPC_CPC_94) by extension 'python'
[1.344s] Level 1:colcon.colcon_core.package_identification:_identify(yolo_train/bolt_detection_CPC_CPC_94) by extensions ['python_setup_py']
[1.344s] Level 1:colcon.colcon_core.package_identification:_identify(yolo_train/bolt_detection_CPC_CPC_94) by extension 'python_setup_py'
[1.345s] Level 1:colcon.colcon_core.package_identification:_identify(yolo_train/bolt_detection_CPC_CPC_94/weights) by extensions ['ignore', 'ignore_ament_install']
[1.345s] Level 1:colcon.colcon_core.package_identification:_identify(yolo_train/bolt_detection_CPC_CPC_94/weights) by extension 'ignore'
[1.345s] Level 1:colcon.colcon_core.package_identification:_identify(yolo_train/bolt_detection_CPC_CPC_94/weights) by extension 'ignore_ament_install'
[1.345s] Level 1:colcon.colcon_core.package_identification:_identify(yolo_train/bolt_detection_CPC_CPC_94/weights) by extensions ['colcon_pkg']
[1.345s] Level 1:colcon.colcon_core.package_identification:_identify(yolo_train/bolt_detection_CPC_CPC_94/weights) by extension 'colcon_pkg'
[1.345s] Level 1:colcon.colcon_core.package_identification:_identify(yolo_train/bolt_detection_CPC_CPC_94/weights) by extensions ['colcon_meta']
[1.345s] Level 1:colcon.colcon_core.package_identification:_identify(yolo_train/bolt_detection_CPC_CPC_94/weights) by extension 'colcon_meta'
[1.345s] Level 1:colcon.colcon_core.package_identification:_identify(yolo_train/bolt_detection_CPC_CPC_94/weights) by extensions ['ros']
[1.345s] Level 1:colcon.colcon_core.package_identification:_identify(yolo_train/bolt_detection_CPC_CPC_94/weights) by extension 'ros'
[1.345s] Level 1:colcon.colcon_core.package_identification:_identify(yolo_train/bolt_detection_CPC_CPC_94/weights) by extensions ['cmake', 'python']
[1.345s] Level 1:colcon.colcon_core.package_identification:_identify(yolo_train/bolt_detection_CPC_CPC_94/weights) by extension 'cmake'
[1.345s] Level 1:colcon.colcon_core.package_identification:_identify(yolo_train/bolt_detection_CPC_CPC_94/weights) by extension 'python'
[1.345s] Level 1:colcon.colcon_core.package_identification:_identify(yolo_train/bolt_detection_CPC_CPC_94/weights) by extensions ['python_setup_py']
[1.345s] Level 1:colcon.colcon_core.package_identification:_identify(yolo_train/bolt_detection_CPC_CPC_94/weights) by extension 'python_setup_py'
[1.346s] Level 1:colcon.colcon_core.package_identification:_identify(yolo_train/bolt_detection_CPC_CPC_95) by extensions ['ignore', 'ignore_ament_install']
[1.346s] Level 1:colcon.colcon_core.package_identification:_identify(yolo_train/bolt_detection_CPC_CPC_95) by extension 'ignore'
[1.346s] Level 1:colcon.colcon_core.package_identification:_identify(yolo_train/bolt_detection_CPC_CPC_95) by extension 'ignore_ament_install'
[1.346s] Level 1:colcon.colcon_core.package_identification:_identify(yolo_train/bolt_detection_CPC_CPC_95) by extensions ['colcon_pkg']
[1.346s] Level 1:colcon.colcon_core.package_identification:_identify(yolo_train/bolt_detection_CPC_CPC_95) by extension 'colcon_pkg'
[1.346s] Level 1:colcon.colcon_core.package_identification:_identify(yolo_train/bolt_detection_CPC_CPC_95) by extensions ['colcon_meta']
[1.346s] Level 1:colcon.colcon_core.package_identification:_identify(yolo_train/bolt_detection_CPC_CPC_95) by extension 'colcon_meta'
[1.346s] Level 1:colcon.colcon_core.package_identification:_identify(yolo_train/bolt_detection_CPC_CPC_95) by extensions ['ros']
[1.346s] Level 1:colcon.colcon_core.package_identification:_identify(yolo_train/bolt_detection_CPC_CPC_95) by extension 'ros'
[1.346s] Level 1:colcon.colcon_core.package_identification:_identify(yolo_train/bolt_detection_CPC_CPC_95) by extensions ['cmake', 'python']
[1.346s] Level 1:colcon.colcon_core.package_identification:_identify(yolo_train/bolt_detection_CPC_CPC_95) by extension 'cmake'
[1.346s] Level 1:colcon.colcon_core.package_identification:_identify(yolo_train/bolt_detection_CPC_CPC_95) by extension 'python'
[1.346s] Level 1:colcon.colcon_core.package_identification:_identify(yolo_train/bolt_detection_CPC_CPC_95) by extensions ['python_setup_py']
[1.346s] Level 1:colcon.colcon_core.package_identification:_identify(yolo_train/bolt_detection_CPC_CPC_95) by extension 'python_setup_py'
[1.346s] Level 1:colcon.colcon_core.package_identification:_identify(yolo_train/bolt_detection_CPC_CPC_95/weights) by extensions ['ignore', 'ignore_ament_install']
[1.346s] Level 1:colcon.colcon_core.package_identification:_identify(yolo_train/bolt_detection_CPC_CPC_95/weights) by extension 'ignore'
[1.347s] Level 1:colcon.colcon_core.package_identification:_identify(yolo_train/bolt_detection_CPC_CPC_95/weights) by extension 'ignore_ament_install'
[1.347s] Level 1:colcon.colcon_core.package_identification:_identify(yolo_train/bolt_detection_CPC_CPC_95/weights) by extensions ['colcon_pkg']
[1.347s] Level 1:colcon.colcon_core.package_identification:_identify(yolo_train/bolt_detection_CPC_CPC_95/weights) by extension 'colcon_pkg'
[1.347s] Level 1:colcon.colcon_core.package_identification:_identify(yolo_train/bolt_detection_CPC_CPC_95/weights) by extensions ['colcon_meta']
[1.347s] Level 1:colcon.colcon_core.package_identification:_identify(yolo_train/bolt_detection_CPC_CPC_95/weights) by extension 'colcon_meta'
[1.347s] Level 1:colcon.colcon_core.package_identification:_identify(yolo_train/bolt_detection_CPC_CPC_95/weights) by extensions ['ros']
[1.347s] Level 1:colcon.colcon_core.package_identification:_identify(yolo_train/bolt_detection_CPC_CPC_95/weights) by extension 'ros'
[1.347s] Level 1:colcon.colcon_core.package_identification:_identify(yolo_train/bolt_detection_CPC_CPC_95/weights) by extensions ['cmake', 'python']
[1.347s] Level 1:colcon.colcon_core.package_identification:_identify(yolo_train/bolt_detection_CPC_CPC_95/weights) by extension 'cmake'
[1.347s] Level 1:colcon.colcon_core.package_identification:_identify(yolo_train/bolt_detection_CPC_CPC_95/weights) by extension 'python'
[1.347s] Level 1:colcon.colcon_core.package_identification:_identify(yolo_train/bolt_detection_CPC_CPC_95/weights) by extensions ['python_setup_py']
[1.347s] Level 1:colcon.colcon_core.package_identification:_identify(yolo_train/bolt_detection_CPC_CPC_95/weights) by extension 'python_setup_py'
[1.347s] Level 1:colcon.colcon_core.package_identification:_identify(yolo_train/bolt_detection_CPC_CPC_96) by extensions ['ignore', 'ignore_ament_install']
[1.347s] Level 1:colcon.colcon_core.package_identification:_identify(yolo_train/bolt_detection_CPC_CPC_96) by extension 'ignore'
[1.347s] Level 1:colcon.colcon_core.package_identification:_identify(yolo_train/bolt_detection_CPC_CPC_96) by extension 'ignore_ament_install'
[1.348s] Level 1:colcon.colcon_core.package_identification:_identify(yolo_train/bolt_detection_CPC_CPC_96) by extensions ['colcon_pkg']
[1.348s] Level 1:colcon.colcon_core.package_identification:_identify(yolo_train/bolt_detection_CPC_CPC_96) by extension 'colcon_pkg'
[1.348s] Level 1:colcon.colcon_core.package_identification:_identify(yolo_train/bolt_detection_CPC_CPC_96) by extensions ['colcon_meta']
[1.348s] Level 1:colcon.colcon_core.package_identification:_identify(yolo_train/bolt_detection_CPC_CPC_96) by extension 'colcon_meta'
[1.348s] Level 1:colcon.colcon_core.package_identification:_identify(yolo_train/bolt_detection_CPC_CPC_96) by extensions ['ros']
[1.348s] Level 1:colcon.colcon_core.package_identification:_identify(yolo_train/bolt_detection_CPC_CPC_96) by extension 'ros'
[1.348s] Level 1:colcon.colcon_core.package_identification:_identify(yolo_train/bolt_detection_CPC_CPC_96) by extensions ['cmake', 'python']
[1.348s] Level 1:colcon.colcon_core.package_identification:_identify(yolo_train/bolt_detection_CPC_CPC_96) by extension 'cmake'
[1.348s] Level 1:colcon.colcon_core.package_identification:_identify(yolo_train/bolt_detection_CPC_CPC_96) by extension 'python'
[1.348s] Level 1:colcon.colcon_core.package_identification:_identify(yolo_train/bolt_detection_CPC_CPC_96) by extensions ['python_setup_py']
[1.348s] Level 1:colcon.colcon_core.package_identification:_identify(yolo_train/bolt_detection_CPC_CPC_96) by extension 'python_setup_py'
[1.349s] Level 1:colcon.colcon_core.package_identification:_identify(yolo_train/bolt_detection_CPC_CPC_96/weights) by extensions ['ignore', 'ignore_ament_install']
[1.349s] Level 1:colcon.colcon_core.package_identification:_identify(yolo_train/bolt_detection_CPC_CPC_96/weights) by extension 'ignore'
[1.349s] Level 1:colcon.colcon_core.package_identification:_identify(yolo_train/bolt_detection_CPC_CPC_96/weights) by extension 'ignore_ament_install'
[1.349s] Level 1:colcon.colcon_core.package_identification:_identify(yolo_train/bolt_detection_CPC_CPC_96/weights) by extensions ['colcon_pkg']
[1.349s] Level 1:colcon.colcon_core.package_identification:_identify(yolo_train/bolt_detection_CPC_CPC_96/weights) by extension 'colcon_pkg'
[1.349s] Level 1:colcon.colcon_core.package_identification:_identify(yolo_train/bolt_detection_CPC_CPC_96/weights) by extensions ['colcon_meta']
[1.349s] Level 1:colcon.colcon_core.package_identification:_identify(yolo_train/bolt_detection_CPC_CPC_96/weights) by extension 'colcon_meta'
[1.349s] Level 1:colcon.colcon_core.package_identification:_identify(yolo_train/bolt_detection_CPC_CPC_96/weights) by extensions ['ros']
[1.349s] Level 1:colcon.colcon_core.package_identification:_identify(yolo_train/bolt_detection_CPC_CPC_96/weights) by extension 'ros'
[1.349s] Level 1:colcon.colcon_core.package_identification:_identify(yolo_train/bolt_detection_CPC_CPC_96/weights) by extensions ['cmake', 'python']
[1.349s] Level 1:colcon.colcon_core.package_identification:_identify(yolo_train/bolt_detection_CPC_CPC_96/weights) by extension 'cmake'
[1.349s] Level 1:colcon.colcon_core.package_identification:_identify(yolo_train/bolt_detection_CPC_CPC_96/weights) by extension 'python'
[1.349s] Level 1:colcon.colcon_core.package_identification:_identify(yolo_train/bolt_detection_CPC_CPC_96/weights) by extensions ['python_setup_py']
[1.349s] Level 1:colcon.colcon_core.package_identification:_identify(yolo_train/bolt_detection_CPC_CPC_96/weights) by extension 'python_setup_py'
[1.350s] Level 1:colcon.colcon_core.package_identification:_identify(yolo_train/bolt_detection_CPC_CPC_97) by extensions ['ignore', 'ignore_ament_install']
[1.350s] Level 1:colcon.colcon_core.package_identification:_identify(yolo_train/bolt_detection_CPC_CPC_97) by extension 'ignore'
[1.350s] Level 1:colcon.colcon_core.package_identification:_identify(yolo_train/bolt_detection_CPC_CPC_97) by extension 'ignore_ament_install'
[1.350s] Level 1:colcon.colcon_core.package_identification:_identify(yolo_train/bolt_detection_CPC_CPC_97) by extensions ['colcon_pkg']
[1.350s] Level 1:colcon.colcon_core.package_identification:_identify(yolo_train/bolt_detection_CPC_CPC_97) by extension 'colcon_pkg'
[1.350s] Level 1:colcon.colcon_core.package_identification:_identify(yolo_train/bolt_detection_CPC_CPC_97) by extensions ['colcon_meta']
[1.350s] Level 1:colcon.colcon_core.package_identification:_identify(yolo_train/bolt_detection_CPC_CPC_97) by extension 'colcon_meta'
[1.350s] Level 1:colcon.colcon_core.package_identification:_identify(yolo_train/bolt_detection_CPC_CPC_97) by extensions ['ros']
[1.350s] Level 1:colcon.colcon_core.package_identification:_identify(yolo_train/bolt_detection_CPC_CPC_97) by extension 'ros'
[1.350s] Level 1:colcon.colcon_core.package_identification:_identify(yolo_train/bolt_detection_CPC_CPC_97) by extensions ['cmake', 'python']
[1.350s] Level 1:colcon.colcon_core.package_identification:_identify(yolo_train/bolt_detection_CPC_CPC_97) by extension 'cmake'
[1.350s] Level 1:colcon.colcon_core.package_identification:_identify(yolo_train/bolt_detection_CPC_CPC_97) by extension 'python'
[1.350s] Level 1:colcon.colcon_core.package_identification:_identify(yolo_train/bolt_detection_CPC_CPC_97) by extensions ['python_setup_py']
[1.350s] Level 1:colcon.colcon_core.package_identification:_identify(yolo_train/bolt_detection_CPC_CPC_97) by extension 'python_setup_py'
[1.350s] Level 1:colcon.colcon_core.package_identification:_identify(yolo_train/bolt_detection_CPC_CPC_97/weights) by extensions ['ignore', 'ignore_ament_install']
[1.350s] Level 1:colcon.colcon_core.package_identification:_identify(yolo_train/bolt_detection_CPC_CPC_97/weights) by extension 'ignore'
[1.350s] Level 1:colcon.colcon_core.package_identification:_identify(yolo_train/bolt_detection_CPC_CPC_97/weights) by extension 'ignore_ament_install'
[1.351s] Level 1:colcon.colcon_core.package_identification:_identify(yolo_train/bolt_detection_CPC_CPC_97/weights) by extensions ['colcon_pkg']
[1.351s] Level 1:colcon.colcon_core.package_identification:_identify(yolo_train/bolt_detection_CPC_CPC_97/weights) by extension 'colcon_pkg'
[1.351s] Level 1:colcon.colcon_core.package_identification:_identify(yolo_train/bolt_detection_CPC_CPC_97/weights) by extensions ['colcon_meta']
[1.351s] Level 1:colcon.colcon_core.package_identification:_identify(yolo_train/bolt_detection_CPC_CPC_97/weights) by extension 'colcon_meta'
[1.351s] Level 1:colcon.colcon_core.package_identification:_identify(yolo_train/bolt_detection_CPC_CPC_97/weights) by extensions ['ros']
[1.351s] Level 1:colcon.colcon_core.package_identification:_identify(yolo_train/bolt_detection_CPC_CPC_97/weights) by extension 'ros'
[1.351s] Level 1:colcon.colcon_core.package_identification:_identify(yolo_train/bolt_detection_CPC_CPC_97/weights) by extensions ['cmake', 'python']
[1.351s] Level 1:colcon.colcon_core.package_identification:_identify(yolo_train/bolt_detection_CPC_CPC_97/weights) by extension 'cmake'
[1.351s] Level 1:colcon.colcon_core.package_identification:_identify(yolo_train/bolt_detection_CPC_CPC_97/weights) by extension 'python'
[1.351s] Level 1:colcon.colcon_core.package_identification:_identify(yolo_train/bolt_detection_CPC_CPC_97/weights) by extensions ['python_setup_py']
[1.351s] Level 1:colcon.colcon_core.package_identification:_identify(yolo_train/bolt_detection_CPC_CPC_97/weights) by extension 'python_setup_py'
[1.351s] Level 1:colcon.colcon_core.package_identification:_identify(yolo_train/bolt_detection_CPC_CPC_98) by extensions ['ignore', 'ignore_ament_install']
[1.351s] Level 1:colcon.colcon_core.package_identification:_identify(yolo_train/bolt_detection_CPC_CPC_98) by extension 'ignore'
[1.352s] Level 1:colcon.colcon_core.package_identification:_identify(yolo_train/bolt_detection_CPC_CPC_98) by extension 'ignore_ament_install'
[1.352s] Level 1:colcon.colcon_core.package_identification:_identify(yolo_train/bolt_detection_CPC_CPC_98) by extensions ['colcon_pkg']
[1.352s] Level 1:colcon.colcon_core.package_identification:_identify(yolo_train/bolt_detection_CPC_CPC_98) by extension 'colcon_pkg'
[1.352s] Level 1:colcon.colcon_core.package_identification:_identify(yolo_train/bolt_detection_CPC_CPC_98) by extensions ['colcon_meta']
[1.352s] Level 1:colcon.colcon_core.package_identification:_identify(yolo_train/bolt_detection_CPC_CPC_98) by extension 'colcon_meta'
[1.352s] Level 1:colcon.colcon_core.package_identification:_identify(yolo_train/bolt_detection_CPC_CPC_98) by extensions ['ros']
[1.352s] Level 1:colcon.colcon_core.package_identification:_identify(yolo_train/bolt_detection_CPC_CPC_98) by extension 'ros'
[1.353s] Level 1:colcon.colcon_core.package_identification:_identify(yolo_train/bolt_detection_CPC_CPC_98) by extensions ['cmake', 'python']
[1.353s] Level 1:colcon.colcon_core.package_identification:_identify(yolo_train/bolt_detection_CPC_CPC_98) by extension 'cmake'
[1.353s] Level 1:colcon.colcon_core.package_identification:_identify(yolo_train/bolt_detection_CPC_CPC_98) by extension 'python'
[1.353s] Level 1:colcon.colcon_core.package_identification:_identify(yolo_train/bolt_detection_CPC_CPC_98) by extensions ['python_setup_py']
[1.353s] Level 1:colcon.colcon_core.package_identification:_identify(yolo_train/bolt_detection_CPC_CPC_98) by extension 'python_setup_py'
[1.353s] Level 1:colcon.colcon_core.package_identification:_identify(yolo_train/bolt_detection_CPC_CPC_98/weights) by extensions ['ignore', 'ignore_ament_install']
[1.353s] Level 1:colcon.colcon_core.package_identification:_identify(yolo_train/bolt_detection_CPC_CPC_98/weights) by extension 'ignore'
[1.353s] Level 1:colcon.colcon_core.package_identification:_identify(yolo_train/bolt_detection_CPC_CPC_98/weights) by extension 'ignore_ament_install'
[1.353s] Level 1:colcon.colcon_core.package_identification:_identify(yolo_train/bolt_detection_CPC_CPC_98/weights) by extensions ['colcon_pkg']
[1.353s] Level 1:colcon.colcon_core.package_identification:_identify(yolo_train/bolt_detection_CPC_CPC_98/weights) by extension 'colcon_pkg'
[1.353s] Level 1:colcon.colcon_core.package_identification:_identify(yolo_train/bolt_detection_CPC_CPC_98/weights) by extensions ['colcon_meta']
[1.353s] Level 1:colcon.colcon_core.package_identification:_identify(yolo_train/bolt_detection_CPC_CPC_98/weights) by extension 'colcon_meta'
[1.354s] Level 1:colcon.colcon_core.package_identification:_identify(yolo_train/bolt_detection_CPC_CPC_98/weights) by extensions ['ros']
[1.354s] Level 1:colcon.colcon_core.package_identification:_identify(yolo_train/bolt_detection_CPC_CPC_98/weights) by extension 'ros'
[1.354s] Level 1:colcon.colcon_core.package_identification:_identify(yolo_train/bolt_detection_CPC_CPC_98/weights) by extensions ['cmake', 'python']
[1.354s] Level 1:colcon.colcon_core.package_identification:_identify(yolo_train/bolt_detection_CPC_CPC_98/weights) by extension 'cmake'
[1.354s] Level 1:colcon.colcon_core.package_identification:_identify(yolo_train/bolt_detection_CPC_CPC_98/weights) by extension 'python'
[1.354s] Level 1:colcon.colcon_core.package_identification:_identify(yolo_train/bolt_detection_CPC_CPC_98/weights) by extensions ['python_setup_py']
[1.354s] Level 1:colcon.colcon_core.package_identification:_identify(yolo_train/bolt_detection_CPC_CPC_98/weights) by extension 'python_setup_py'
[1.354s] Level 1:colcon.colcon_core.package_identification:_identify(yolo_train/bolt_detection_CPC_CPC_99) by extensions ['ignore', 'ignore_ament_install']
[1.354s] Level 1:colcon.colcon_core.package_identification:_identify(yolo_train/bolt_detection_CPC_CPC_99) by extension 'ignore'
[1.354s] Level 1:colcon.colcon_core.package_identification:_identify(yolo_train/bolt_detection_CPC_CPC_99) by extension 'ignore_ament_install'
[1.355s] Level 1:colcon.colcon_core.package_identification:_identify(yolo_train/bolt_detection_CPC_CPC_99) by extensions ['colcon_pkg']
[1.355s] Level 1:colcon.colcon_core.package_identification:_identify(yolo_train/bolt_detection_CPC_CPC_99) by extension 'colcon_pkg'
[1.355s] Level 1:colcon.colcon_core.package_identification:_identify(yolo_train/bolt_detection_CPC_CPC_99) by extensions ['colcon_meta']
[1.355s] Level 1:colcon.colcon_core.package_identification:_identify(yolo_train/bolt_detection_CPC_CPC_99) by extension 'colcon_meta'
[1.355s] Level 1:colcon.colcon_core.package_identification:_identify(yolo_train/bolt_detection_CPC_CPC_99) by extensions ['ros']
[1.355s] Level 1:colcon.colcon_core.package_identification:_identify(yolo_train/bolt_detection_CPC_CPC_99) by extension 'ros'
[1.355s] Level 1:colcon.colcon_core.package_identification:_identify(yolo_train/bolt_detection_CPC_CPC_99) by extensions ['cmake', 'python']
[1.355s] Level 1:colcon.colcon_core.package_identification:_identify(yolo_train/bolt_detection_CPC_CPC_99) by extension 'cmake'
[1.355s] Level 1:colcon.colcon_core.package_identification:_identify(yolo_train/bolt_detection_CPC_CPC_99) by extension 'python'
[1.355s] Level 1:colcon.colcon_core.package_identification:_identify(yolo_train/bolt_detection_CPC_CPC_99) by extensions ['python_setup_py']
[1.355s] Level 1:colcon.colcon_core.package_identification:_identify(yolo_train/bolt_detection_CPC_CPC_99) by extension 'python_setup_py'
[1.355s] Level 1:colcon.colcon_core.package_identification:_identify(yolo_train/bolt_detection_CPC_CPC_99/weights) by extensions ['ignore', 'ignore_ament_install']
[1.356s] Level 1:colcon.colcon_core.package_identification:_identify(yolo_train/bolt_detection_CPC_CPC_99/weights) by extension 'ignore'
[1.356s] Level 1:colcon.colcon_core.package_identification:_identify(yolo_train/bolt_detection_CPC_CPC_99/weights) by extension 'ignore_ament_install'
[1.356s] Level 1:colcon.colcon_core.package_identification:_identify(yolo_train/bolt_detection_CPC_CPC_99/weights) by extensions ['colcon_pkg']
[1.356s] Level 1:colcon.colcon_core.package_identification:_identify(yolo_train/bolt_detection_CPC_CPC_99/weights) by extension 'colcon_pkg'
[1.356s] Level 1:colcon.colcon_core.package_identification:_identify(yolo_train/bolt_detection_CPC_CPC_99/weights) by extensions ['colcon_meta']
[1.356s] Level 1:colcon.colcon_core.package_identification:_identify(yolo_train/bolt_detection_CPC_CPC_99/weights) by extension 'colcon_meta'
[1.356s] Level 1:colcon.colcon_core.package_identification:_identify(yolo_train/bolt_detection_CPC_CPC_99/weights) by extensions ['ros']
[1.356s] Level 1:colcon.colcon_core.package_identification:_identify(yolo_train/bolt_detection_CPC_CPC_99/weights) by extension 'ros'
[1.356s] Level 1:colcon.colcon_core.package_identification:_identify(yolo_train/bolt_detection_CPC_CPC_99/weights) by extensions ['cmake', 'python']
[1.356s] Level 1:colcon.colcon_core.package_identification:_identify(yolo_train/bolt_detection_CPC_CPC_99/weights) by extension 'cmake'
[1.356s] Level 1:colcon.colcon_core.package_identification:_identify(yolo_train/bolt_detection_CPC_CPC_99/weights) by extension 'python'
[1.356s] Level 1:colcon.colcon_core.package_identification:_identify(yolo_train/bolt_detection_CPC_CPC_99/weights) by extensions ['python_setup_py']
[1.356s] Level 1:colcon.colcon_core.package_identification:_identify(yolo_train/bolt_detection_CPC_CPC_99/weights) by extension 'python_setup_py'
[1.356s] Level 1:colcon.colcon_core.package_discovery:discover_packages(recursive) using defaults
[1.357s] Level 1:colcon.colcon_core.package_discovery:discover_packages(ignore) discover
[1.357s] Level 1:colcon.colcon_core.package_discovery:discover_packages(ignore) using defaults
[1.357s] Level 1:colcon.colcon_core.package_discovery:discover_packages(path) discover
[1.357s] Level 1:colcon.colcon_core.package_discovery:discover_packages(path) using defaults
[1.615s] Level 1:colcon.colcon_core.package_discovery:discover_packages(prefix_path) check parameters
[1.615s] Level 1:colcon.colcon_core.package_discovery:discover_packages(prefix_path) discover
[1.722s] DEBUG:colcon.colcon_installed_package_information.package_discovery:Found 1 installed packages in /home/vom/ros2_ws/PikeRobotics_automated_counting/install
[1.723s] DEBUG:colcon.colcon_installed_package_information.package_discovery:Found 3 installed packages in /home/vom/ros2_ws/HusarionROSbot2RDepthMapNavigation/install
[1.724s] DEBUG:colcon.colcon_installed_package_information.package_discovery:Found 1 installed packages in /home/vom/ros2_ws/Navigator/install
[1.724s] DEBUG:colcon.colcon_installed_package_information.package_discovery:Found 3 installed packages in /home/vom/ros2_ws/microros/install
[1.725s] DEBUG:colcon.colcon_installed_package_information.package_discovery:Found 4 installed packages in /home/vom/ros2_ws/Nano_Vision/install
[1.726s] DEBUG:colcon.colcon_installed_package_information.package_discovery:Found 2 installed packages in /home/vom/ros2_ws/RasPi_LiDAR/install
[1.726s] DEBUG:colcon.colcon_installed_package_information.package_discovery:Found 3 installed packages in /home/vom/ros2_ws/RasPi_GPS_IMU/install
[1.727s] DEBUG:colcon.colcon_installed_package_information.package_discovery:Found 1 installed packages in /home/vom/ros2_ws/HusarionRosbot2R/install
[1.728s] DEBUG:colcon.colcon_installed_package_information.package_discovery:Found 1 installed packages in /home/vom/ros2_ws/RasPi_Radar/install
[1.729s] DEBUG:colcon.colcon_installed_package_information.package_discovery:Found 284 installed packages in /opt/ros/humble
[1.730s] Level 1:colcon.colcon_core.package_discovery:discover_packages(prefix_path) using defaults
[1.798s] Level 5:colcon.colcon_core.verb:set package 'automated_counter' build argument 'cmake_args' from command line to 'None'
[1.798s] Level 5:colcon.colcon_core.verb:set package 'automated_counter' build argument 'cmake_target' from command line to 'None'
[1.798s] Level 5:colcon.colcon_core.verb:set package 'automated_counter' build argument 'cmake_target_skip_unavailable' from command line to 'False'
[1.798s] Level 5:colcon.colcon_core.verb:set package 'automated_counter' build argument 'cmake_clean_cache' from command line to 'False'
[1.798s] Level 5:colcon.colcon_core.verb:set package 'automated_counter' build argument 'cmake_clean_first' from command line to 'False'
[1.798s] Level 5:colcon.colcon_core.verb:set package 'automated_counter' build argument 'cmake_force_configure' from command line to 'False'
[1.798s] Level 5:colcon.colcon_core.verb:set package 'automated_counter' build argument 'ament_cmake_args' from command line to 'None'
[1.798s] Level 5:colcon.colcon_core.verb:set package 'automated_counter' build argument 'catkin_cmake_args' from command line to 'None'
[1.798s] Level 5:colcon.colcon_core.verb:set package 'automated_counter' build argument 'catkin_skip_building_tests' from command line to 'False'
[1.798s] DEBUG:colcon.colcon_core.verb:Building package 'automated_counter' with the following arguments: {'ament_cmake_args': None, 'build_base': '/home/vom/ros2_ws/PikeRobotics_automated_counting/build/automated_counter', 'catkin_cmake_args': None, 'catkin_skip_building_tests': False, 'cmake_args': None, 'cmake_clean_cache': False, 'cmake_clean_first': False, 'cmake_force_configure': False, 'cmake_target': None, 'cmake_target_skip_unavailable': False, 'install_base': '/home/vom/ros2_ws/PikeRobotics_automated_counting/install/automated_counter', 'merge_install': False, 'path': '/home/vom/ros2_ws/PikeRobotics_automated_counting/src/automated_counter', 'symlink_install': True, 'test_result_base': None}
[1.799s] INFO:colcon.colcon_core.executor:Executing jobs using 'parallel' executor
[1.800s] DEBUG:colcon.colcon_parallel_executor.executor.parallel:run_until_complete
[1.800s] INFO:colcon.colcon_ros.task.ament_python.build:Building ROS package in '/home/vom/ros2_ws/PikeRobotics_automated_counting/src/automated_counter' with build type 'ament_python'
[1.801s] Level 1:colcon.colcon_core.shell:create_environment_hook('automated_counter', 'ament_prefix_path')
[1.817s] INFO:colcon.colcon_core.plugin_system:Skipping extension 'colcon_core.shell.bat': Not used on non-Windows systems
[1.817s] INFO:colcon.colcon_core.shell:Creating environment hook '/home/vom/ros2_ws/PikeRobotics_automated_counting/install/automated_counter/share/automated_counter/hook/ament_prefix_path.ps1'
[1.819s] INFO:colcon.colcon_core.shell:Creating environment descriptor '/home/vom/ros2_ws/PikeRobotics_automated_counting/install/automated_counter/share/automated_counter/hook/ament_prefix_path.dsv'
[1.821s] INFO:colcon.colcon_core.shell:Creating environment hook '/home/vom/ros2_ws/PikeRobotics_automated_counting/install/automated_counter/share/automated_counter/hook/ament_prefix_path.sh'
[1.823s] INFO:colcon.colcon_core.shell:Skip shell extension 'powershell' for command environment: Not usable outside of PowerShell
[1.823s] DEBUG:colcon.colcon_core.shell:Skip shell extension 'dsv' for command environment
[4.146s] INFO:colcon.colcon_core.task.python.build:Building Python package in '/home/vom/ros2_ws/PikeRobotics_automated_counting/src/automated_counter'
[4.158s] INFO:colcon.colcon_core.shell:Skip shell extension 'powershell' for command environment: Not usable outside of PowerShell
[4.164s] DEBUG:colcon.colcon_core.shell:Skip shell extension 'dsv' for command environment
[10.811s] DEBUG:colcon.colcon_core.event_handler.log_command:Invoking command in '/home/vom/ros2_ws/PikeRobotics_automated_counting/build/automated_counter': PYTHONPATH=/home/vom/ros2_ws/PikeRobotics_automated_counting/build/automated_counter/prefix_override:/usr/lib/python3/dist-packages/colcon_core/task/python/colcon_distutils_commands:/home/vom/ros2_ws/PikeRobotics_automated_counting/install/automated_counter/lib/python3.10/site-packages:${PYTHONPATH} VIRTUAL_ENV_PROMPT=(venv_avx_free_yolo) /usr/bin/python3 -W ignore:setup.py install is deprecated -W ignore:easy_install command is deprecated setup.py develop --editable --build-directory /home/vom/ros2_ws/PikeRobotics_automated_counting/build/automated_counter/build --no-deps symlink_data
[15.022s] Level 1:colcon.colcon_core.shell:create_environment_hook('automated_counter', 'pythonpath_develop')
[15.022s] INFO:colcon.colcon_core.shell:Creating environment hook '/home/vom/ros2_ws/PikeRobotics_automated_counting/build/automated_counter/share/automated_counter/hook/pythonpath_develop.ps1'
[15.024s] DEBUG:colcon.colcon_core.event_handler.log_command:Invoked command in '/home/vom/ros2_ws/PikeRobotics_automated_counting/build/automated_counter' returned '0': PYTHONPATH=/home/vom/ros2_ws/PikeRobotics_automated_counting/build/automated_counter/prefix_override:/usr/lib/python3/dist-packages/colcon_core/task/python/colcon_distutils_commands:/home/vom/ros2_ws/PikeRobotics_automated_counting/install/automated_counter/lib/python3.10/site-packages:${PYTHONPATH} VIRTUAL_ENV_PROMPT=(venv_avx_free_yolo) /usr/bin/python3 -W ignore:setup.py install is deprecated -W ignore:easy_install command is deprecated setup.py develop --editable --build-directory /home/vom/ros2_ws/PikeRobotics_automated_counting/build/automated_counter/build --no-deps symlink_data
[15.025s] INFO:colcon.colcon_core.shell:Creating environment descriptor '/home/vom/ros2_ws/PikeRobotics_automated_counting/build/automated_counter/share/automated_counter/hook/pythonpath_develop.dsv'
[15.026s] INFO:colcon.colcon_core.shell:Creating environment hook '/home/vom/ros2_ws/PikeRobotics_automated_counting/build/automated_counter/share/automated_counter/hook/pythonpath_develop.sh'
[15.088s] Level 1:colcon.colcon_core.environment:checking '/home/vom/ros2_ws/PikeRobotics_automated_counting/install/automated_counter' for CMake module files
[15.088s] Level 1:colcon.colcon_core.environment:checking '/home/vom/ros2_ws/PikeRobotics_automated_counting/install/automated_counter' for CMake config files
[15.090s] Level 1:colcon.colcon_core.environment:checking '/home/vom/ros2_ws/PikeRobotics_automated_counting/install/automated_counter/lib'
[15.103s] Level 1:colcon.colcon_core.environment:checking '/home/vom/ros2_ws/PikeRobotics_automated_counting/install/automated_counter/bin'
[15.103s] Level 1:colcon.colcon_core.environment:checking '/home/vom/ros2_ws/PikeRobotics_automated_counting/install/automated_counter/lib/pkgconfig/automated_counter.pc'
[15.106s] Level 1:colcon.colcon_core.environment:checking '/home/vom/ros2_ws/PikeRobotics_automated_counting/install/automated_counter/lib/python3.10/site-packages'
[15.106s] Level 1:colcon.colcon_core.shell:create_environment_hook('automated_counter', 'pythonpath')
[15.106s] INFO:colcon.colcon_core.shell:Creating environment hook '/home/vom/ros2_ws/PikeRobotics_automated_counting/install/automated_counter/share/automated_counter/hook/pythonpath.ps1'
[15.109s] INFO:colcon.colcon_core.shell:Creating environment descriptor '/home/vom/ros2_ws/PikeRobotics_automated_counting/install/automated_counter/share/automated_counter/hook/pythonpath.dsv'
[15.113s] INFO:colcon.colcon_core.shell:Creating environment hook '/home/vom/ros2_ws/PikeRobotics_automated_counting/install/automated_counter/share/automated_counter/hook/pythonpath.sh'
[15.128s] Level 1:colcon.colcon_core.environment:checking '/home/vom/ros2_ws/PikeRobotics_automated_counting/install/automated_counter/bin'
[15.128s] Level 1:colcon.colcon_core.environment:create_environment_scripts_only(automated_counter)
[15.131s] INFO:colcon.colcon_core.shell:Creating package script '/home/vom/ros2_ws/PikeRobotics_automated_counting/install/automated_counter/share/automated_counter/package.ps1'
[15.160s] INFO:colcon.colcon_core.shell:Creating package descriptor '/home/vom/ros2_ws/PikeRobotics_automated_counting/install/automated_counter/share/automated_counter/package.dsv'
[15.190s] INFO:colcon.colcon_core.shell:Creating package script '/home/vom/ros2_ws/PikeRobotics_automated_counting/install/automated_counter/share/automated_counter/package.sh'
[15.233s] INFO:colcon.colcon_core.shell:Creating package script '/home/vom/ros2_ws/PikeRobotics_automated_counting/install/automated_counter/share/automated_counter/package.bash'
[15.255s] INFO:colcon.colcon_core.shell:Creating package script '/home/vom/ros2_ws/PikeRobotics_automated_counting/install/automated_counter/share/automated_counter/package.zsh'
[15.282s] Level 1:colcon.colcon_core.environment:create_file_with_runtime_dependencies(/home/vom/ros2_ws/PikeRobotics_automated_counting/install/automated_counter/share/colcon-core/packages/automated_counter)
[15.324s] DEBUG:colcon.colcon_parallel_executor.executor.parallel:closing loop
[15.329s] DEBUG:colcon.colcon_parallel_executor.executor.parallel:loop closed
[15.329s] DEBUG:colcon.colcon_parallel_executor.executor.parallel:run_until_complete finished with '0'
[15.329s] DEBUG:colcon.colcon_core.event_reactor:joining thread
[15.439s] INFO:colcon.colcon_core.plugin_system:Skipping extension 'colcon_notification.desktop_notification.terminal_notifier': Not used on non-Darwin systems
[15.439s] INFO:colcon.colcon_core.plugin_system:Skipping extension 'colcon_notification.desktop_notification.win32': Not used on non-Windows systems
[15.440s] INFO:colcon.colcon_notification.desktop_notification:Sending desktop notification using 'notify2'
[15.883s] DEBUG:colcon.colcon_core.event_reactor:joined thread
[15.883s] INFO:colcon.colcon_core.shell:Creating prefix script '/home/vom/ros2_ws/PikeRobotics_automated_counting/install/local_setup.ps1'
[15.885s] INFO:colcon.colcon_core.shell:Creating prefix util module '/home/vom/ros2_ws/PikeRobotics_automated_counting/install/_local_setup_util_ps1.py'
[15.901s] INFO:colcon.colcon_core.shell:Creating prefix chain script '/home/vom/ros2_ws/PikeRobotics_automated_counting/install/setup.ps1'
[15.908s] INFO:colcon.colcon_core.shell:Creating prefix script '/home/vom/ros2_ws/PikeRobotics_automated_counting/install/local_setup.sh'
[15.910s] INFO:colcon.colcon_core.shell:Creating prefix util module '/home/vom/ros2_ws/PikeRobotics_automated_counting/install/_local_setup_util_sh.py'
[15.911s] INFO:colcon.colcon_core.shell:Creating prefix chain script '/home/vom/ros2_ws/PikeRobotics_automated_counting/install/setup.sh'
[15.914s] INFO:colcon.colcon_core.shell:Creating prefix script '/home/vom/ros2_ws/PikeRobotics_automated_counting/install/local_setup.bash'
[15.917s] INFO:colcon.colcon_core.shell:Creating prefix chain script '/home/vom/ros2_ws/PikeRobotics_automated_counting/install/setup.bash'
[15.921s] INFO:colcon.colcon_core.shell:Creating prefix script '/home/vom/ros2_ws/PikeRobotics_automated_counting/install/local_setup.zsh'
[15.942s] INFO:colcon.colcon_core.shell:Creating prefix chain script '/home/vom/ros2_ws/PikeRobotics_automated_counting/install/setup.zsh'
