[0.634s] DEBUG:colcon:Command line arguments: ['/usr/bin/colcon', 'build', '--symlink-install']
[0.634s] DEBUG:colcon:Parsed command line arguments: Namespace(log_base=None, log_level=None, verb_name='build', build_base='build', install_base='install', merge_install=False, symlink_install=True, test_result_base=None, continue_on_error=False, executor='parallel', parallel_workers=4, event_handlers=None, ignore_user_meta=False, metas=['./colcon.meta'], base_paths=['.'], packages_ignore=None, packages_ignore_regex=None, paths=None, packages_up_to=None, packages_up_to_regex=None, packages_above=None, packages_above_and_dependencies=None, packages_above_depth=None, packages_select_by_dep=None, packages_skip_by_dep=None, packages_skip_up_to=None, packages_select_build_failed=False, packages_skip_build_finished=False, packages_select_test_failures=False, packages_skip_test_passed=False, packages_select=None, packages_skip=None, packages_select_regex=None, packages_skip_regex=None, packages_start=None, packages_end=None, allow_overriding=[], cmake_args=None, cmake_target=None, cmake_target_skip_unavailable=False, cmake_clean_cache=False, cmake_clean_first=False, cmake_force_configure=False, ament_cmake_args=None, catkin_cmake_args=None, catkin_skip_building_tests=False, mixin_files=None, mixin=None, verb_parser=<colcon_mixin.mixin.mixin_argument.MixinArgumentDecorator object at 0x77943be9a680>, verb_extension=<colcon_core.verb.build.BuildVerb object at 0x77943be99ff0>, main=<bound method BuildVerb.main of <colcon_core.verb.build.BuildVerb object at 0x77943be99ff0>>, mixin_verb=('build',))
[1.347s] Level 1:colcon.colcon_core.package_discovery:discover_packages(colcon_meta) check parameters
[1.347s] Level 1:colcon.colcon_core.package_discovery:discover_packages(recursive) check parameters
[1.347s] Level 1:colcon.colcon_core.package_discovery:discover_packages(ignore) check parameters
[1.347s] Level 1:colcon.colcon_core.package_discovery:discover_packages(path) check parameters
[1.347s] Level 1:colcon.colcon_core.package_discovery:discover_packages(colcon_meta) discover
[1.347s] Level 1:colcon.colcon_core.package_discovery:discover_packages(recursive) discover
[1.347s] INFO:colcon.colcon_core.package_discovery:Crawling recursively for packages in '/home/vom/ros2_ws/PikeRobotics_automated_counting'
[1.347s] Level 1:colcon.colcon_core.package_identification:_identify(.) by extensions ['ignore', 'ignore_ament_install']
[1.347s] Level 1:colcon.colcon_core.package_identification:_identify(.) by extension 'ignore'
[1.347s] Level 1:colcon.colcon_core.package_identification:_identify(.) by extension 'ignore_ament_install'
[1.347s] Level 1:colcon.colcon_core.package_identification:_identify(.) by extensions ['colcon_pkg']
[1.347s] Level 1:colcon.colcon_core.package_identification:_identify(.) by extension 'colcon_pkg'
[1.347s] Level 1:colcon.colcon_core.package_identification:_identify(.) by extensions ['colcon_meta']
[1.347s] Level 1:colcon.colcon_core.package_identification:_identify(.) by extension 'colcon_meta'
[1.347s] Level 1:colcon.colcon_core.package_identification:_identify(.) by extensions ['ros']
[1.347s] Level 1:colcon.colcon_core.package_identification:_identify(.) by extension 'ros'
[1.372s] Level 1:colcon.colcon_core.package_identification:_identify(.) by extensions ['cmake', 'python']
[1.372s] Level 1:colcon.colcon_core.package_identification:_identify(.) by extension 'cmake'
[1.373s] Level 1:colcon.colcon_core.package_identification:_identify(.) by extension 'python'
[1.373s] Level 1:colcon.colcon_core.package_identification:_identify(.) by extensions ['python_setup_py']
[1.373s] Level 1:colcon.colcon_core.package_identification:_identify(.) by extension 'python_setup_py'
[1.373s] Level 1:colcon.colcon_core.package_identification:_identify(CPC) by extensions ['ignore', 'ignore_ament_install']
[1.373s] Level 1:colcon.colcon_core.package_identification:_identify(CPC) by extension 'ignore'
[1.373s] Level 1:colcon.colcon_core.package_identification:_identify(CPC) by extension 'ignore_ament_install'
[1.373s] Level 1:colcon.colcon_core.package_identification:_identify(CPC) by extensions ['colcon_pkg']
[1.373s] Level 1:colcon.colcon_core.package_identification:_identify(CPC) by extension 'colcon_pkg'
[1.373s] Level 1:colcon.colcon_core.package_identification:_identify(CPC) by extensions ['colcon_meta']
[1.373s] Level 1:colcon.colcon_core.package_identification:_identify(CPC) by extension 'colcon_meta'
[1.373s] Level 1:colcon.colcon_core.package_identification:_identify(CPC) by extensions ['ros']
[1.373s] Level 1:colcon.colcon_core.package_identification:_identify(CPC) by extension 'ros'
[1.373s] Level 1:colcon.colcon_core.package_identification:_identify(CPC) by extensions ['cmake', 'python']
[1.373s] Level 1:colcon.colcon_core.package_identification:_identify(CPC) by extension 'cmake'
[1.373s] Level 1:colcon.colcon_core.package_identification:_identify(CPC) by extension 'python'
[1.373s] Level 1:colcon.colcon_core.package_identification:_identify(CPC) by extensions ['python_setup_py']
[1.373s] Level 1:colcon.colcon_core.package_identification:_identify(CPC) by extension 'python_setup_py'
[1.374s] Level 1:colcon.colcon_core.package_identification:_identify(CPC/CPC_9) by extensions ['ignore', 'ignore_ament_install']
[1.374s] Level 1:colcon.colcon_core.package_identification:_identify(CPC/CPC_9) by extension 'ignore'
[1.374s] Level 1:colcon.colcon_core.package_identification:_identify(CPC/CPC_9) by extension 'ignore_ament_install'
[1.374s] Level 1:colcon.colcon_core.package_identification:_identify(CPC/CPC_9) by extensions ['colcon_pkg']
[1.375s] Level 1:colcon.colcon_core.package_identification:_identify(CPC/CPC_9) by extension 'colcon_pkg'
[1.375s] Level 1:colcon.colcon_core.package_identification:_identify(CPC/CPC_9) by extensions ['colcon_meta']
[1.375s] Level 1:colcon.colcon_core.package_identification:_identify(CPC/CPC_9) by extension 'colcon_meta'
[1.375s] Level 1:colcon.colcon_core.package_identification:_identify(CPC/CPC_9) by extensions ['ros']
[1.375s] Level 1:colcon.colcon_core.package_identification:_identify(CPC/CPC_9) by extension 'ros'
[1.375s] Level 1:colcon.colcon_core.package_identification:_identify(CPC/CPC_9) by extensions ['cmake', 'python']
[1.375s] Level 1:colcon.colcon_core.package_identification:_identify(CPC/CPC_9) by extension 'cmake'
[1.375s] Level 1:colcon.colcon_core.package_identification:_identify(CPC/CPC_9) by extension 'python'
[1.375s] Level 1:colcon.colcon_core.package_identification:_identify(CPC/CPC_9) by extensions ['python_setup_py']
[1.375s] Level 1:colcon.colcon_core.package_identification:_identify(CPC/CPC_9) by extension 'python_setup_py'
[1.375s] Level 1:colcon.colcon_core.package_identification:_identify(SUNCOR) by extensions ['ignore', 'ignore_ament_install']
[1.375s] Level 1:colcon.colcon_core.package_identification:_identify(SUNCOR) by extension 'ignore'
[1.375s] Level 1:colcon.colcon_core.package_identification:_identify(SUNCOR) by extension 'ignore_ament_install'
[1.375s] Level 1:colcon.colcon_core.package_identification:_identify(SUNCOR) by extensions ['colcon_pkg']
[1.375s] Level 1:colcon.colcon_core.package_identification:_identify(SUNCOR) by extension 'colcon_pkg'
[1.375s] Level 1:colcon.colcon_core.package_identification:_identify(SUNCOR) by extensions ['colcon_meta']
[1.375s] Level 1:colcon.colcon_core.package_identification:_identify(SUNCOR) by extension 'colcon_meta'
[1.375s] Level 1:colcon.colcon_core.package_identification:_identify(SUNCOR) by extensions ['ros']
[1.375s] Level 1:colcon.colcon_core.package_identification:_identify(SUNCOR) by extension 'ros'
[1.375s] Level 1:colcon.colcon_core.package_identification:_identify(SUNCOR) by extensions ['cmake', 'python']
[1.375s] Level 1:colcon.colcon_core.package_identification:_identify(SUNCOR) by extension 'cmake'
[1.375s] Level 1:colcon.colcon_core.package_identification:_identify(SUNCOR) by extension 'python'
[1.376s] Level 1:colcon.colcon_core.package_identification:_identify(SUNCOR) by extensions ['python_setup_py']
[1.376s] Level 1:colcon.colcon_core.package_identification:_identify(SUNCOR) by extension 'python_setup_py'
[1.376s] Level 1:colcon.colcon_core.package_identification:_identify(SUNCOR/SUNCOR_9) by extensions ['ignore', 'ignore_ament_install']
[1.376s] Level 1:colcon.colcon_core.package_identification:_identify(SUNCOR/SUNCOR_9) by extension 'ignore'
[1.376s] Level 1:colcon.colcon_core.package_identification:_identify(SUNCOR/SUNCOR_9) by extension 'ignore_ament_install'
[1.376s] Level 1:colcon.colcon_core.package_identification:_identify(SUNCOR/SUNCOR_9) by extensions ['colcon_pkg']
[1.376s] Level 1:colcon.colcon_core.package_identification:_identify(SUNCOR/SUNCOR_9) by extension 'colcon_pkg'
[1.376s] Level 1:colcon.colcon_core.package_identification:_identify(SUNCOR/SUNCOR_9) by extensions ['colcon_meta']
[1.376s] Level 1:colcon.colcon_core.package_identification:_identify(SUNCOR/SUNCOR_9) by extension 'colcon_meta'
[1.376s] Level 1:colcon.colcon_core.package_identification:_identify(SUNCOR/SUNCOR_9) by extensions ['ros']
[1.376s] Level 1:colcon.colcon_core.package_identification:_identify(SUNCOR/SUNCOR_9) by extension 'ros'
[1.376s] Level 1:colcon.colcon_core.package_identification:_identify(SUNCOR/SUNCOR_9) by extensions ['cmake', 'python']
[1.376s] Level 1:colcon.colcon_core.package_identification:_identify(SUNCOR/SUNCOR_9) by extension 'cmake'
[1.376s] Level 1:colcon.colcon_core.package_identification:_identify(SUNCOR/SUNCOR_9) by extension 'python'
[1.376s] Level 1:colcon.colcon_core.package_identification:_identify(SUNCOR/SUNCOR_9) by extensions ['python_setup_py']
[1.376s] Level 1:colcon.colcon_core.package_identification:_identify(SUNCOR/SUNCOR_9) by extension 'python_setup_py'
[1.376s] Level 1:colcon.colcon_core.package_identification:_identify(build) by extensions ['ignore', 'ignore_ament_install']
[1.376s] Level 1:colcon.colcon_core.package_identification:_identify(build) by extension 'ignore'
[1.376s] Level 1:colcon.colcon_core.package_identification:_identify(build) ignored
[1.376s] Level 1:colcon.colcon_core.package_identification:_identify(install) by extensions ['ignore', 'ignore_ament_install']
[1.376s] Level 1:colcon.colcon_core.package_identification:_identify(install) by extension 'ignore'
[1.377s] Level 1:colcon.colcon_core.package_identification:_identify(install) ignored
[1.377s] Level 1:colcon.colcon_core.package_identification:_identify(log) by extensions ['ignore', 'ignore_ament_install']
[1.377s] Level 1:colcon.colcon_core.package_identification:_identify(log) by extension 'ignore'
[1.377s] Level 1:colcon.colcon_core.package_identification:_identify(log) ignored
[1.377s] Level 1:colcon.colcon_core.package_identification:_identify(src) by extensions ['ignore', 'ignore_ament_install']
[1.377s] Level 1:colcon.colcon_core.package_identification:_identify(src) by extension 'ignore'
[1.377s] Level 1:colcon.colcon_core.package_identification:_identify(src) by extension 'ignore_ament_install'
[1.377s] Level 1:colcon.colcon_core.package_identification:_identify(src) by extensions ['colcon_pkg']
[1.377s] Level 1:colcon.colcon_core.package_identification:_identify(src) by extension 'colcon_pkg'
[1.377s] Level 1:colcon.colcon_core.package_identification:_identify(src) by extensions ['colcon_meta']
[1.377s] Level 1:colcon.colcon_core.package_identification:_identify(src) by extension 'colcon_meta'
[1.377s] Level 1:colcon.colcon_core.package_identification:_identify(src) by extensions ['ros']
[1.377s] Level 1:colcon.colcon_core.package_identification:_identify(src) by extension 'ros'
[1.377s] Level 1:colcon.colcon_core.package_identification:_identify(src) by extensions ['cmake', 'python']
[1.377s] Level 1:colcon.colcon_core.package_identification:_identify(src) by extension 'cmake'
[1.377s] Level 1:colcon.colcon_core.package_identification:_identify(src) by extension 'python'
[1.377s] Level 1:colcon.colcon_core.package_identification:_identify(src) by extensions ['python_setup_py']
[1.377s] Level 1:colcon.colcon_core.package_identification:_identify(src) by extension 'python_setup_py'
[1.377s] Level 1:colcon.colcon_core.package_discovery:discover_packages(recursive) using defaults
[1.377s] Level 1:colcon.colcon_core.package_discovery:discover_packages(ignore) discover
[1.378s] Level 1:colcon.colcon_core.package_discovery:discover_packages(ignore) using defaults
[1.378s] Level 1:colcon.colcon_core.package_discovery:discover_packages(path) discover
[1.378s] Level 1:colcon.colcon_core.package_discovery:discover_packages(path) using defaults
[1.445s] Level 1:colcon.colcon_core.package_discovery:discover_packages(prefix_path) check parameters
[1.445s] Level 1:colcon.colcon_core.package_discovery:discover_packages(prefix_path) discover
[1.461s] DEBUG:colcon.colcon_installed_package_information.package_discovery:Found 3 installed packages in /home/vom/ros2_ws/HusarionROSbot2RDepthMapNavigation/install
[1.462s] DEBUG:colcon.colcon_installed_package_information.package_discovery:Found 1 installed packages in /home/vom/ros2_ws/Navigator/install
[1.462s] DEBUG:colcon.colcon_installed_package_information.package_discovery:Found 3 installed packages in /home/vom/ros2_ws/microros/install
[1.463s] DEBUG:colcon.colcon_installed_package_information.package_discovery:Found 4 installed packages in /home/vom/ros2_ws/Nano_Vision/install
[1.463s] DEBUG:colcon.colcon_installed_package_information.package_discovery:Found 2 installed packages in /home/vom/ros2_ws/RasPi_LiDAR/install
[1.463s] DEBUG:colcon.colcon_installed_package_information.package_discovery:Found 3 installed packages in /home/vom/ros2_ws/RasPi_GPS_IMU/install
[1.464s] DEBUG:colcon.colcon_installed_package_information.package_discovery:Found 1 installed packages in /home/vom/ros2_ws/HusarionRosbot2R/install
[1.464s] DEBUG:colcon.colcon_installed_package_information.package_discovery:Found 1 installed packages in /home/vom/ros2_ws/RasPi_Radar/install
[1.465s] DEBUG:colcon.colcon_installed_package_information.package_discovery:Found 284 installed packages in /opt/ros/humble
[1.468s] Level 1:colcon.colcon_core.package_discovery:discover_packages(prefix_path) using defaults
[1.566s] INFO:colcon.colcon_core.executor:Executing jobs using 'parallel' executor
[1.568s] DEBUG:colcon.colcon_parallel_executor.executor.parallel:run_until_complete
[1.568s] DEBUG:colcon.colcon_parallel_executor.executor.parallel:closing loop
[1.568s] DEBUG:colcon.colcon_parallel_executor.executor.parallel:loop closed
[1.568s] DEBUG:colcon.colcon_parallel_executor.executor.parallel:run_until_complete finished with '0'
[1.568s] DEBUG:colcon.colcon_core.event_reactor:joining thread
[1.579s] INFO:colcon.colcon_core.plugin_system:Skipping extension 'colcon_notification.desktop_notification.terminal_notifier': Not used on non-Darwin systems
[1.579s] INFO:colcon.colcon_core.plugin_system:Skipping extension 'colcon_notification.desktop_notification.win32': Not used on non-Windows systems
[1.579s] INFO:colcon.colcon_notification.desktop_notification:Sending desktop notification using 'notify2'
[1.605s] DEBUG:colcon.colcon_core.event_reactor:joined thread
[1.648s] INFO:colcon.colcon_core.plugin_system:Skipping extension 'colcon_core.shell.bat': Not used on non-Windows systems
[1.648s] INFO:colcon.colcon_core.shell:Creating prefix script '/home/vom/ros2_ws/PikeRobotics_automated_counting/install/local_setup.ps1'
[1.653s] INFO:colcon.colcon_core.shell:Creating prefix util module '/home/vom/ros2_ws/PikeRobotics_automated_counting/install/_local_setup_util_ps1.py'
[1.656s] INFO:colcon.colcon_core.shell:Creating prefix chain script '/home/vom/ros2_ws/PikeRobotics_automated_counting/install/setup.ps1'
[1.660s] INFO:colcon.colcon_core.shell:Creating prefix script '/home/vom/ros2_ws/PikeRobotics_automated_counting/install/local_setup.sh'
[1.666s] INFO:colcon.colcon_core.shell:Creating prefix util module '/home/vom/ros2_ws/PikeRobotics_automated_counting/install/_local_setup_util_sh.py'
[1.670s] INFO:colcon.colcon_core.shell:Creating prefix chain script '/home/vom/ros2_ws/PikeRobotics_automated_counting/install/setup.sh'
[1.674s] INFO:colcon.colcon_core.shell:Creating prefix script '/home/vom/ros2_ws/PikeRobotics_automated_counting/install/local_setup.bash'
[1.680s] INFO:colcon.colcon_core.shell:Creating prefix chain script '/home/vom/ros2_ws/PikeRobotics_automated_counting/install/setup.bash'
[1.686s] INFO:colcon.colcon_core.shell:Creating prefix script '/home/vom/ros2_ws/PikeRobotics_automated_counting/install/local_setup.zsh'
[1.689s] INFO:colcon.colcon_core.shell:Creating prefix chain script '/home/vom/ros2_ws/PikeRobotics_automated_counting/install/setup.zsh'
