[0.126s] DEBUG:colcon:Command line arguments: ['/usr/bin/colcon', 'build', '--symlink-install']
[0.126s] DEBUG:colcon:Parsed command line arguments: Namespace(log_base=None, log_level=None, verb_name='build', build_base='build', install_base='install', merge_install=False, symlink_install=True, test_result_base=None, continue_on_error=False, executor='parallel', parallel_workers=6, event_handlers=None, ignore_user_meta=False, metas=['./colcon.meta'], base_paths=['.'], packages_ignore=None, packages_ignore_regex=None, paths=None, packages_up_to=None, packages_up_to_regex=None, packages_above=None, packages_above_and_dependencies=None, packages_above_depth=None, packages_select_by_dep=None, packages_skip_by_dep=None, packages_skip_up_to=None, packages_select_build_failed=False, packages_skip_build_finished=False, packages_select_test_failures=False, packages_skip_test_passed=False, packages_select=None, packages_skip=None, packages_select_regex=None, packages_skip_regex=None, packages_start=None, packages_end=None, allow_overriding=[], cmake_args=None, cmake_target=None, cmake_target_skip_unavailable=False, cmake_clean_cache=False, cmake_clean_first=False, cmake_force_configure=False, ament_cmake_args=None, catkin_cmake_args=None, catkin_skip_building_tests=False, mixin_files=None, mixin=None, verb_parser=<colcon_mixin.mixin.mixin_argument.MixinArgumentDecorator object at 0x719fd60a2620>, verb_extension=<colcon_core.verb.build.BuildVerb object at 0x719fd60a1f90>, main=<bound method BuildVerb.main of <colcon_core.verb.build.BuildVerb object at 0x719fd60a1f90>>, mixin_verb=('build',))
[0.338s] Level 1:colcon.colcon_core.package_discovery:discover_packages(colcon_meta) check parameters
[0.338s] Level 1:colcon.colcon_core.package_discovery:discover_packages(recursive) check parameters
[0.338s] Level 1:colcon.colcon_core.package_discovery:discover_packages(ignore) check parameters
[0.338s] Level 1:colcon.colcon_core.package_discovery:discover_packages(path) check parameters
[0.338s] Level 1:colcon.colcon_core.package_discovery:discover_packages(colcon_meta) discover
[0.338s] Level 1:colcon.colcon_core.package_discovery:discover_packages(recursive) discover
[0.338s] INFO:colcon.colcon_core.package_discovery:Crawling recursively for packages in '/home/vom/ros2_ws/PikeRobotics_automated_detection'
[0.338s] Level 1:colcon.colcon_core.package_identification:_identify(.) by extensions ['ignore', 'ignore_ament_install']
[0.339s] Level 1:colcon.colcon_core.package_identification:_identify(.) by extension 'ignore'
[0.339s] Level 1:colcon.colcon_core.package_identification:_identify(.) by extension 'ignore_ament_install'
[0.339s] Level 1:colcon.colcon_core.package_identification:_identify(.) by extensions ['colcon_pkg']
[0.339s] Level 1:colcon.colcon_core.package_identification:_identify(.) by extension 'colcon_pkg'
[0.339s] Level 1:colcon.colcon_core.package_identification:_identify(.) by extensions ['colcon_meta']
[0.339s] Level 1:colcon.colcon_core.package_identification:_identify(.) by extension 'colcon_meta'
[0.339s] Level 1:colcon.colcon_core.package_identification:_identify(.) by extensions ['ros']
[0.339s] Level 1:colcon.colcon_core.package_identification:_identify(.) by extension 'ros'
[0.355s] Level 1:colcon.colcon_core.package_identification:_identify(.) by extensions ['cmake', 'python']
[0.355s] Level 1:colcon.colcon_core.package_identification:_identify(.) by extension 'cmake'
[0.355s] Level 1:colcon.colcon_core.package_identification:_identify(.) by extension 'python'
[0.355s] Level 1:colcon.colcon_core.package_identification:_identify(.) by extensions ['python_setup_py']
[0.355s] Level 1:colcon.colcon_core.package_identification:_identify(.) by extension 'python_setup_py'
[0.355s] Level 1:colcon.colcon_core.package_identification:_identify(CPC) by extensions ['ignore', 'ignore_ament_install']
[0.356s] Level 1:colcon.colcon_core.package_identification:_identify(CPC) by extension 'ignore'
[0.356s] Level 1:colcon.colcon_core.package_identification:_identify(CPC) by extension 'ignore_ament_install'
[0.356s] Level 1:colcon.colcon_core.package_identification:_identify(CPC) by extensions ['colcon_pkg']
[0.357s] Level 1:colcon.colcon_core.package_identification:_identify(CPC) by extension 'colcon_pkg'
[0.357s] Level 1:colcon.colcon_core.package_identification:_identify(CPC) by extensions ['colcon_meta']
[0.357s] Level 1:colcon.colcon_core.package_identification:_identify(CPC) by extension 'colcon_meta'
[0.357s] Level 1:colcon.colcon_core.package_identification:_identify(CPC) by extensions ['ros']
[0.357s] Level 1:colcon.colcon_core.package_identification:_identify(CPC) by extension 'ros'
[0.357s] Level 1:colcon.colcon_core.package_identification:_identify(CPC) by extensions ['cmake', 'python']
[0.357s] Level 1:colcon.colcon_core.package_identification:_identify(CPC) by extension 'cmake'
[0.357s] Level 1:colcon.colcon_core.package_identification:_identify(CPC) by extension 'python'
[0.357s] Level 1:colcon.colcon_core.package_identification:_identify(CPC) by extensions ['python_setup_py']
[0.357s] Level 1:colcon.colcon_core.package_identification:_identify(CPC) by extension 'python_setup_py'
[0.357s] Level 1:colcon.colcon_core.package_identification:_identify(CPC/CPC_10) by extensions ['ignore', 'ignore_ament_install']
[0.358s] Level 1:colcon.colcon_core.package_identification:_identify(CPC/CPC_10) by extension 'ignore'
[0.358s] Level 1:colcon.colcon_core.package_identification:_identify(CPC/CPC_10) by extension 'ignore_ament_install'
[0.358s] Level 1:colcon.colcon_core.package_identification:_identify(CPC/CPC_10) by extensions ['colcon_pkg']
[0.358s] Level 1:colcon.colcon_core.package_identification:_identify(CPC/CPC_10) by extension 'colcon_pkg'
[0.358s] Level 1:colcon.colcon_core.package_identification:_identify(CPC/CPC_10) by extensions ['colcon_meta']
[0.358s] Level 1:colcon.colcon_core.package_identification:_identify(CPC/CPC_10) by extension 'colcon_meta'
[0.358s] Level 1:colcon.colcon_core.package_identification:_identify(CPC/CPC_10) by extensions ['ros']
[0.358s] Level 1:colcon.colcon_core.package_identification:_identify(CPC/CPC_10) by extension 'ros'
[0.358s] Level 1:colcon.colcon_core.package_identification:_identify(CPC/CPC_10) by extensions ['cmake', 'python']
[0.358s] Level 1:colcon.colcon_core.package_identification:_identify(CPC/CPC_10) by extension 'cmake'
[0.358s] Level 1:colcon.colcon_core.package_identification:_identify(CPC/CPC_10) by extension 'python'
[0.358s] Level 1:colcon.colcon_core.package_identification:_identify(CPC/CPC_10) by extensions ['python_setup_py']
[0.358s] Level 1:colcon.colcon_core.package_identification:_identify(CPC/CPC_10) by extension 'python_setup_py'
[0.359s] Level 1:colcon.colcon_core.package_identification:_identify(CPC/CPC_19) by extensions ['ignore', 'ignore_ament_install']
[0.359s] Level 1:colcon.colcon_core.package_identification:_identify(CPC/CPC_19) by extension 'ignore'
[0.359s] Level 1:colcon.colcon_core.package_identification:_identify(CPC/CPC_19) by extension 'ignore_ament_install'
[0.359s] Level 1:colcon.colcon_core.package_identification:_identify(CPC/CPC_19) by extensions ['colcon_pkg']
[0.359s] Level 1:colcon.colcon_core.package_identification:_identify(CPC/CPC_19) by extension 'colcon_pkg'
[0.359s] Level 1:colcon.colcon_core.package_identification:_identify(CPC/CPC_19) by extensions ['colcon_meta']
[0.359s] Level 1:colcon.colcon_core.package_identification:_identify(CPC/CPC_19) by extension 'colcon_meta'
[0.359s] Level 1:colcon.colcon_core.package_identification:_identify(CPC/CPC_19) by extensions ['ros']
[0.359s] Level 1:colcon.colcon_core.package_identification:_identify(CPC/CPC_19) by extension 'ros'
[0.359s] Level 1:colcon.colcon_core.package_identification:_identify(CPC/CPC_19) by extensions ['cmake', 'python']
[0.359s] Level 1:colcon.colcon_core.package_identification:_identify(CPC/CPC_19) by extension 'cmake'
[0.359s] Level 1:colcon.colcon_core.package_identification:_identify(CPC/CPC_19) by extension 'python'
[0.359s] Level 1:colcon.colcon_core.package_identification:_identify(CPC/CPC_19) by extensions ['python_setup_py']
[0.359s] Level 1:colcon.colcon_core.package_identification:_identify(CPC/CPC_19) by extension 'python_setup_py'
[0.359s] Level 1:colcon.colcon_core.package_identification:_identify(CPC/CPC_43) by extensions ['ignore', 'ignore_ament_install']
[0.359s] Level 1:colcon.colcon_core.package_identification:_identify(CPC/CPC_43) by extension 'ignore'
[0.359s] Level 1:colcon.colcon_core.package_identification:_identify(CPC/CPC_43) by extension 'ignore_ament_install'
[0.360s] Level 1:colcon.colcon_core.package_identification:_identify(CPC/CPC_43) by extensions ['colcon_pkg']
[0.360s] Level 1:colcon.colcon_core.package_identification:_identify(CPC/CPC_43) by extension 'colcon_pkg'
[0.360s] Level 1:colcon.colcon_core.package_identification:_identify(CPC/CPC_43) by extensions ['colcon_meta']
[0.360s] Level 1:colcon.colcon_core.package_identification:_identify(CPC/CPC_43) by extension 'colcon_meta'
[0.360s] Level 1:colcon.colcon_core.package_identification:_identify(CPC/CPC_43) by extensions ['ros']
[0.360s] Level 1:colcon.colcon_core.package_identification:_identify(CPC/CPC_43) by extension 'ros'
[0.360s] Level 1:colcon.colcon_core.package_identification:_identify(CPC/CPC_43) by extensions ['cmake', 'python']
[0.360s] Level 1:colcon.colcon_core.package_identification:_identify(CPC/CPC_43) by extension 'cmake'
[0.360s] Level 1:colcon.colcon_core.package_identification:_identify(CPC/CPC_43) by extension 'python'
[0.360s] Level 1:colcon.colcon_core.package_identification:_identify(CPC/CPC_43) by extensions ['python_setup_py']
[0.360s] Level 1:colcon.colcon_core.package_identification:_identify(CPC/CPC_43) by extension 'python_setup_py'
[0.360s] Level 1:colcon.colcon_core.package_identification:_identify(CPC/CPC_61) by extensions ['ignore', 'ignore_ament_install']
[0.360s] Level 1:colcon.colcon_core.package_identification:_identify(CPC/CPC_61) by extension 'ignore'
[0.360s] Level 1:colcon.colcon_core.package_identification:_identify(CPC/CPC_61) by extension 'ignore_ament_install'
[0.360s] Level 1:colcon.colcon_core.package_identification:_identify(CPC/CPC_61) by extensions ['colcon_pkg']
[0.360s] Level 1:colcon.colcon_core.package_identification:_identify(CPC/CPC_61) by extension 'colcon_pkg'
[0.360s] Level 1:colcon.colcon_core.package_identification:_identify(CPC/CPC_61) by extensions ['colcon_meta']
[0.360s] Level 1:colcon.colcon_core.package_identification:_identify(CPC/CPC_61) by extension 'colcon_meta'
[0.360s] Level 1:colcon.colcon_core.package_identification:_identify(CPC/CPC_61) by extensions ['ros']
[0.360s] Level 1:colcon.colcon_core.package_identification:_identify(CPC/CPC_61) by extension 'ros'
[0.361s] Level 1:colcon.colcon_core.package_identification:_identify(CPC/CPC_61) by extensions ['cmake', 'python']
[0.361s] Level 1:colcon.colcon_core.package_identification:_identify(CPC/CPC_61) by extension 'cmake'
[0.361s] Level 1:colcon.colcon_core.package_identification:_identify(CPC/CPC_61) by extension 'python'
[0.361s] Level 1:colcon.colcon_core.package_identification:_identify(CPC/CPC_61) by extensions ['python_setup_py']
[0.361s] Level 1:colcon.colcon_core.package_identification:_identify(CPC/CPC_61) by extension 'python_setup_py'
[0.361s] Level 1:colcon.colcon_core.package_identification:_identify(CPC/CPC_9) by extensions ['ignore', 'ignore_ament_install']
[0.361s] Level 1:colcon.colcon_core.package_identification:_identify(CPC/CPC_9) by extension 'ignore'
[0.361s] Level 1:colcon.colcon_core.package_identification:_identify(CPC/CPC_9) by extension 'ignore_ament_install'
[0.361s] Level 1:colcon.colcon_core.package_identification:_identify(CPC/CPC_9) by extensions ['colcon_pkg']
[0.361s] Level 1:colcon.colcon_core.package_identification:_identify(CPC/CPC_9) by extension 'colcon_pkg'
[0.361s] Level 1:colcon.colcon_core.package_identification:_identify(CPC/CPC_9) by extensions ['colcon_meta']
[0.361s] Level 1:colcon.colcon_core.package_identification:_identify(CPC/CPC_9) by extension 'colcon_meta'
[0.361s] Level 1:colcon.colcon_core.package_identification:_identify(CPC/CPC_9) by extensions ['ros']
[0.361s] Level 1:colcon.colcon_core.package_identification:_identify(CPC/CPC_9) by extension 'ros'
[0.361s] Level 1:colcon.colcon_core.package_identification:_identify(CPC/CPC_9) by extensions ['cmake', 'python']
[0.362s] Level 1:colcon.colcon_core.package_identification:_identify(CPC/CPC_9) by extension 'cmake'
[0.362s] Level 1:colcon.colcon_core.package_identification:_identify(CPC/CPC_9) by extension 'python'
[0.362s] Level 1:colcon.colcon_core.package_identification:_identify(CPC/CPC_9) by extensions ['python_setup_py']
[0.362s] Level 1:colcon.colcon_core.package_identification:_identify(CPC/CPC_9) by extension 'python_setup_py'
[0.362s] Level 1:colcon.colcon_core.package_identification:_identify(Feature count recordings) by extensions ['ignore', 'ignore_ament_install']
[0.362s] Level 1:colcon.colcon_core.package_identification:_identify(Feature count recordings) by extension 'ignore'
[0.362s] Level 1:colcon.colcon_core.package_identification:_identify(Feature count recordings) by extension 'ignore_ament_install'
[0.362s] Level 1:colcon.colcon_core.package_identification:_identify(Feature count recordings) by extensions ['colcon_pkg']
[0.362s] Level 1:colcon.colcon_core.package_identification:_identify(Feature count recordings) by extension 'colcon_pkg'
[0.362s] Level 1:colcon.colcon_core.package_identification:_identify(Feature count recordings) by extensions ['colcon_meta']
[0.362s] Level 1:colcon.colcon_core.package_identification:_identify(Feature count recordings) by extension 'colcon_meta'
[0.362s] Level 1:colcon.colcon_core.package_identification:_identify(Feature count recordings) by extensions ['ros']
[0.362s] Level 1:colcon.colcon_core.package_identification:_identify(Feature count recordings) by extension 'ros'
[0.362s] Level 1:colcon.colcon_core.package_identification:_identify(Feature count recordings) by extensions ['cmake', 'python']
[0.362s] Level 1:colcon.colcon_core.package_identification:_identify(Feature count recordings) by extension 'cmake'
[0.362s] Level 1:colcon.colcon_core.package_identification:_identify(Feature count recordings) by extension 'python'
[0.362s] Level 1:colcon.colcon_core.package_identification:_identify(Feature count recordings) by extensions ['python_setup_py']
[0.362s] Level 1:colcon.colcon_core.package_identification:_identify(Feature count recordings) by extension 'python_setup_py'
[0.362s] Level 1:colcon.colcon_core.package_identification:_identify(SUNCOR) by extensions ['ignore', 'ignore_ament_install']
[0.363s] Level 1:colcon.colcon_core.package_identification:_identify(SUNCOR) by extension 'ignore'
[0.363s] Level 1:colcon.colcon_core.package_identification:_identify(SUNCOR) by extension 'ignore_ament_install'
[0.363s] Level 1:colcon.colcon_core.package_identification:_identify(SUNCOR) by extensions ['colcon_pkg']
[0.363s] Level 1:colcon.colcon_core.package_identification:_identify(SUNCOR) by extension 'colcon_pkg'
[0.363s] Level 1:colcon.colcon_core.package_identification:_identify(SUNCOR) by extensions ['colcon_meta']
[0.363s] Level 1:colcon.colcon_core.package_identification:_identify(SUNCOR) by extension 'colcon_meta'
[0.363s] Level 1:colcon.colcon_core.package_identification:_identify(SUNCOR) by extensions ['ros']
[0.363s] Level 1:colcon.colcon_core.package_identification:_identify(SUNCOR) by extension 'ros'
[0.363s] Level 1:colcon.colcon_core.package_identification:_identify(SUNCOR) by extensions ['cmake', 'python']
[0.363s] Level 1:colcon.colcon_core.package_identification:_identify(SUNCOR) by extension 'cmake'
[0.363s] Level 1:colcon.colcon_core.package_identification:_identify(SUNCOR) by extension 'python'
[0.363s] Level 1:colcon.colcon_core.package_identification:_identify(SUNCOR) by extensions ['python_setup_py']
[0.363s] Level 1:colcon.colcon_core.package_identification:_identify(SUNCOR) by extension 'python_setup_py'
[0.363s] Level 1:colcon.colcon_core.package_identification:_identify(SUNCOR/SUNCOR_24) by extensions ['ignore', 'ignore_ament_install']
[0.364s] Level 1:colcon.colcon_core.package_identification:_identify(SUNCOR/SUNCOR_24) by extension 'ignore'
[0.364s] Level 1:colcon.colcon_core.package_identification:_identify(SUNCOR/SUNCOR_24) by extension 'ignore_ament_install'
[0.364s] Level 1:colcon.colcon_core.package_identification:_identify(SUNCOR/SUNCOR_24) by extensions ['colcon_pkg']
[0.364s] Level 1:colcon.colcon_core.package_identification:_identify(SUNCOR/SUNCOR_24) by extension 'colcon_pkg'
[0.364s] Level 1:colcon.colcon_core.package_identification:_identify(SUNCOR/SUNCOR_24) by extensions ['colcon_meta']
[0.364s] Level 1:colcon.colcon_core.package_identification:_identify(SUNCOR/SUNCOR_24) by extension 'colcon_meta'
[0.364s] Level 1:colcon.colcon_core.package_identification:_identify(SUNCOR/SUNCOR_24) by extensions ['ros']
[0.364s] Level 1:colcon.colcon_core.package_identification:_identify(SUNCOR/SUNCOR_24) by extension 'ros'
[0.364s] Level 1:colcon.colcon_core.package_identification:_identify(SUNCOR/SUNCOR_24) by extensions ['cmake', 'python']
[0.364s] Level 1:colcon.colcon_core.package_identification:_identify(SUNCOR/SUNCOR_24) by extension 'cmake'
[0.364s] Level 1:colcon.colcon_core.package_identification:_identify(SUNCOR/SUNCOR_24) by extension 'python'
[0.364s] Level 1:colcon.colcon_core.package_identification:_identify(SUNCOR/SUNCOR_24) by extensions ['python_setup_py']
[0.364s] Level 1:colcon.colcon_core.package_identification:_identify(SUNCOR/SUNCOR_24) by extension 'python_setup_py'
[0.365s] Level 1:colcon.colcon_core.package_identification:_identify(SUNCOR/SUNCOR_9) by extensions ['ignore', 'ignore_ament_install']
[0.365s] Level 1:colcon.colcon_core.package_identification:_identify(SUNCOR/SUNCOR_9) by extension 'ignore'
[0.365s] Level 1:colcon.colcon_core.package_identification:_identify(SUNCOR/SUNCOR_9) by extension 'ignore_ament_install'
[0.365s] Level 1:colcon.colcon_core.package_identification:_identify(SUNCOR/SUNCOR_9) by extensions ['colcon_pkg']
[0.365s] Level 1:colcon.colcon_core.package_identification:_identify(SUNCOR/SUNCOR_9) by extension 'colcon_pkg'
[0.365s] Level 1:colcon.colcon_core.package_identification:_identify(SUNCOR/SUNCOR_9) by extensions ['colcon_meta']
[0.365s] Level 1:colcon.colcon_core.package_identification:_identify(SUNCOR/SUNCOR_9) by extension 'colcon_meta'
[0.365s] Level 1:colcon.colcon_core.package_identification:_identify(SUNCOR/SUNCOR_9) by extensions ['ros']
[0.365s] Level 1:colcon.colcon_core.package_identification:_identify(SUNCOR/SUNCOR_9) by extension 'ros'
[0.365s] Level 1:colcon.colcon_core.package_identification:_identify(SUNCOR/SUNCOR_9) by extensions ['cmake', 'python']
[0.365s] Level 1:colcon.colcon_core.package_identification:_identify(SUNCOR/SUNCOR_9) by extension 'cmake'
[0.365s] Level 1:colcon.colcon_core.package_identification:_identify(SUNCOR/SUNCOR_9) by extension 'python'
[0.365s] Level 1:colcon.colcon_core.package_identification:_identify(SUNCOR/SUNCOR_9) by extensions ['python_setup_py']
[0.365s] Level 1:colcon.colcon_core.package_identification:_identify(SUNCOR/SUNCOR_9) by extension 'python_setup_py'
[0.365s] Level 1:colcon.colcon_core.package_identification:_identify(build) by extensions ['ignore', 'ignore_ament_install']
[0.365s] Level 1:colcon.colcon_core.package_identification:_identify(build) by extension 'ignore'
[0.366s] Level 1:colcon.colcon_core.package_identification:_identify(build) ignored
[0.366s] Level 1:colcon.colcon_core.package_identification:_identify(install) by extensions ['ignore', 'ignore_ament_install']
[0.366s] Level 1:colcon.colcon_core.package_identification:_identify(install) by extension 'ignore'
[0.366s] Level 1:colcon.colcon_core.package_identification:_identify(install) ignored
[0.366s] Level 1:colcon.colcon_core.package_identification:_identify(log) by extensions ['ignore', 'ignore_ament_install']
[0.366s] Level 1:colcon.colcon_core.package_identification:_identify(log) by extension 'ignore'
[0.366s] Level 1:colcon.colcon_core.package_identification:_identify(log) ignored
[0.366s] Level 1:colcon.colcon_core.package_identification:_identify(src) by extensions ['ignore', 'ignore_ament_install']
[0.366s] Level 1:colcon.colcon_core.package_identification:_identify(src) by extension 'ignore'
[0.366s] Level 1:colcon.colcon_core.package_identification:_identify(src) by extension 'ignore_ament_install'
[0.366s] Level 1:colcon.colcon_core.package_identification:_identify(src) by extensions ['colcon_pkg']
[0.366s] Level 1:colcon.colcon_core.package_identification:_identify(src) by extension 'colcon_pkg'
[0.366s] Level 1:colcon.colcon_core.package_identification:_identify(src) by extensions ['colcon_meta']
[0.367s] Level 1:colcon.colcon_core.package_identification:_identify(src) by extension 'colcon_meta'
[0.367s] Level 1:colcon.colcon_core.package_identification:_identify(src) by extensions ['ros']
[0.367s] Level 1:colcon.colcon_core.package_identification:_identify(src) by extension 'ros'
[0.367s] Level 1:colcon.colcon_core.package_identification:_identify(src) by extensions ['cmake', 'python']
[0.367s] Level 1:colcon.colcon_core.package_identification:_identify(src) by extension 'cmake'
[0.367s] Level 1:colcon.colcon_core.package_identification:_identify(src) by extension 'python'
[0.367s] Level 1:colcon.colcon_core.package_identification:_identify(src) by extensions ['python_setup_py']
[0.367s] Level 1:colcon.colcon_core.package_identification:_identify(src) by extension 'python_setup_py'
[0.367s] Level 1:colcon.colcon_core.package_identification:_identify(src/automated_counter) by extensions ['ignore', 'ignore_ament_install']
[0.367s] Level 1:colcon.colcon_core.package_identification:_identify(src/automated_counter) by extension 'ignore'
[0.368s] Level 1:colcon.colcon_core.package_identification:_identify(src/automated_counter) by extension 'ignore_ament_install'
[0.368s] Level 1:colcon.colcon_core.package_identification:_identify(src/automated_counter) by extensions ['colcon_pkg']
[0.368s] Level 1:colcon.colcon_core.package_identification:_identify(src/automated_counter) by extension 'colcon_pkg'
[0.368s] Level 1:colcon.colcon_core.package_identification:_identify(src/automated_counter) by extensions ['colcon_meta']
[0.368s] Level 1:colcon.colcon_core.package_identification:_identify(src/automated_counter) by extension 'colcon_meta'
[0.368s] Level 1:colcon.colcon_core.package_identification:_identify(src/automated_counter) by extensions ['ros']
[0.368s] Level 1:colcon.colcon_core.package_identification:_identify(src/automated_counter) by extension 'ros'
[0.370s] DEBUG:colcon.colcon_core.package_identification:Package 'src/automated_counter' with type 'ros.ament_python' and name 'automated_counter'
[0.370s] Level 1:colcon.colcon_core.package_identification:_identify(yolo_datasets) by extensions ['ignore', 'ignore_ament_install']
[0.370s] Level 1:colcon.colcon_core.package_identification:_identify(yolo_datasets) by extension 'ignore'
[0.371s] Level 1:colcon.colcon_core.package_identification:_identify(yolo_datasets) by extension 'ignore_ament_install'
[0.371s] Level 1:colcon.colcon_core.package_identification:_identify(yolo_datasets) by extensions ['colcon_pkg']
[0.371s] Level 1:colcon.colcon_core.package_identification:_identify(yolo_datasets) by extension 'colcon_pkg'
[0.371s] Level 1:colcon.colcon_core.package_identification:_identify(yolo_datasets) by extensions ['colcon_meta']
[0.371s] Level 1:colcon.colcon_core.package_identification:_identify(yolo_datasets) by extension 'colcon_meta'
[0.371s] Level 1:colcon.colcon_core.package_identification:_identify(yolo_datasets) by extensions ['ros']
[0.371s] Level 1:colcon.colcon_core.package_identification:_identify(yolo_datasets) by extension 'ros'
[0.371s] Level 1:colcon.colcon_core.package_identification:_identify(yolo_datasets) by extensions ['cmake', 'python']
[0.371s] Level 1:colcon.colcon_core.package_identification:_identify(yolo_datasets) by extension 'cmake'
[0.371s] Level 1:colcon.colcon_core.package_identification:_identify(yolo_datasets) by extension 'python'
[0.371s] Level 1:colcon.colcon_core.package_identification:_identify(yolo_datasets) by extensions ['python_setup_py']
[0.371s] Level 1:colcon.colcon_core.package_identification:_identify(yolo_datasets) by extension 'python_setup_py'
[0.371s] Level 1:colcon.colcon_core.package_identification:_identify(yolo_datasets/CPC_10) by extensions ['ignore', 'ignore_ament_install']
[0.371s] Level 1:colcon.colcon_core.package_identification:_identify(yolo_datasets/CPC_10) by extension 'ignore'
[0.372s] Level 1:colcon.colcon_core.package_identification:_identify(yolo_datasets/CPC_10) by extension 'ignore_ament_install'
[0.372s] Level 1:colcon.colcon_core.package_identification:_identify(yolo_datasets/CPC_10) by extensions ['colcon_pkg']
[0.372s] Level 1:colcon.colcon_core.package_identification:_identify(yolo_datasets/CPC_10) by extension 'colcon_pkg'
[0.372s] Level 1:colcon.colcon_core.package_identification:_identify(yolo_datasets/CPC_10) by extensions ['colcon_meta']
[0.372s] Level 1:colcon.colcon_core.package_identification:_identify(yolo_datasets/CPC_10) by extension 'colcon_meta'
[0.372s] Level 1:colcon.colcon_core.package_identification:_identify(yolo_datasets/CPC_10) by extensions ['ros']
[0.372s] Level 1:colcon.colcon_core.package_identification:_identify(yolo_datasets/CPC_10) by extension 'ros'
[0.372s] Level 1:colcon.colcon_core.package_identification:_identify(yolo_datasets/CPC_10) by extensions ['cmake', 'python']
[0.372s] Level 1:colcon.colcon_core.package_identification:_identify(yolo_datasets/CPC_10) by extension 'cmake'
[0.372s] Level 1:colcon.colcon_core.package_identification:_identify(yolo_datasets/CPC_10) by extension 'python'
[0.372s] Level 1:colcon.colcon_core.package_identification:_identify(yolo_datasets/CPC_10) by extensions ['python_setup_py']
[0.372s] Level 1:colcon.colcon_core.package_identification:_identify(yolo_datasets/CPC_10) by extension 'python_setup_py'
[0.372s] Level 1:colcon.colcon_core.package_identification:_identify(yolo_datasets/CPC_10/images) by extensions ['ignore', 'ignore_ament_install']
[0.372s] Level 1:colcon.colcon_core.package_identification:_identify(yolo_datasets/CPC_10/images) by extension 'ignore'
[0.372s] Level 1:colcon.colcon_core.package_identification:_identify(yolo_datasets/CPC_10/images) by extension 'ignore_ament_install'
[0.372s] Level 1:colcon.colcon_core.package_identification:_identify(yolo_datasets/CPC_10/images) by extensions ['colcon_pkg']
[0.372s] Level 1:colcon.colcon_core.package_identification:_identify(yolo_datasets/CPC_10/images) by extension 'colcon_pkg'
[0.373s] Level 1:colcon.colcon_core.package_identification:_identify(yolo_datasets/CPC_10/images) by extensions ['colcon_meta']
[0.373s] Level 1:colcon.colcon_core.package_identification:_identify(yolo_datasets/CPC_10/images) by extension 'colcon_meta'
[0.373s] Level 1:colcon.colcon_core.package_identification:_identify(yolo_datasets/CPC_10/images) by extensions ['ros']
[0.373s] Level 1:colcon.colcon_core.package_identification:_identify(yolo_datasets/CPC_10/images) by extension 'ros'
[0.373s] Level 1:colcon.colcon_core.package_identification:_identify(yolo_datasets/CPC_10/images) by extensions ['cmake', 'python']
[0.373s] Level 1:colcon.colcon_core.package_identification:_identify(yolo_datasets/CPC_10/images) by extension 'cmake'
[0.373s] Level 1:colcon.colcon_core.package_identification:_identify(yolo_datasets/CPC_10/images) by extension 'python'
[0.373s] Level 1:colcon.colcon_core.package_identification:_identify(yolo_datasets/CPC_10/images) by extensions ['python_setup_py']
[0.373s] Level 1:colcon.colcon_core.package_identification:_identify(yolo_datasets/CPC_10/images) by extension 'python_setup_py'
[0.373s] Level 1:colcon.colcon_core.package_identification:_identify(yolo_datasets/CPC_10/labels) by extensions ['ignore', 'ignore_ament_install']
[0.373s] Level 1:colcon.colcon_core.package_identification:_identify(yolo_datasets/CPC_10/labels) by extension 'ignore'
[0.373s] Level 1:colcon.colcon_core.package_identification:_identify(yolo_datasets/CPC_10/labels) by extension 'ignore_ament_install'
[0.373s] Level 1:colcon.colcon_core.package_identification:_identify(yolo_datasets/CPC_10/labels) by extensions ['colcon_pkg']
[0.373s] Level 1:colcon.colcon_core.package_identification:_identify(yolo_datasets/CPC_10/labels) by extension 'colcon_pkg'
[0.373s] Level 1:colcon.colcon_core.package_identification:_identify(yolo_datasets/CPC_10/labels) by extensions ['colcon_meta']
[0.374s] Level 1:colcon.colcon_core.package_identification:_identify(yolo_datasets/CPC_10/labels) by extension 'colcon_meta'
[0.374s] Level 1:colcon.colcon_core.package_identification:_identify(yolo_datasets/CPC_10/labels) by extensions ['ros']
[0.374s] Level 1:colcon.colcon_core.package_identification:_identify(yolo_datasets/CPC_10/labels) by extension 'ros'
[0.374s] Level 1:colcon.colcon_core.package_identification:_identify(yolo_datasets/CPC_10/labels) by extensions ['cmake', 'python']
[0.374s] Level 1:colcon.colcon_core.package_identification:_identify(yolo_datasets/CPC_10/labels) by extension 'cmake'
[0.374s] Level 1:colcon.colcon_core.package_identification:_identify(yolo_datasets/CPC_10/labels) by extension 'python'
[0.374s] Level 1:colcon.colcon_core.package_identification:_identify(yolo_datasets/CPC_10/labels) by extensions ['python_setup_py']
[0.374s] Level 1:colcon.colcon_core.package_identification:_identify(yolo_datasets/CPC_10/labels) by extension 'python_setup_py'
[0.374s] Level 1:colcon.colcon_core.package_identification:_identify(yolo_datasets/CPC_19) by extensions ['ignore', 'ignore_ament_install']
[0.374s] Level 1:colcon.colcon_core.package_identification:_identify(yolo_datasets/CPC_19) by extension 'ignore'
[0.374s] Level 1:colcon.colcon_core.package_identification:_identify(yolo_datasets/CPC_19) by extension 'ignore_ament_install'
[0.374s] Level 1:colcon.colcon_core.package_identification:_identify(yolo_datasets/CPC_19) by extensions ['colcon_pkg']
[0.374s] Level 1:colcon.colcon_core.package_identification:_identify(yolo_datasets/CPC_19) by extension 'colcon_pkg'
[0.375s] Level 1:colcon.colcon_core.package_identification:_identify(yolo_datasets/CPC_19) by extensions ['colcon_meta']
[0.375s] Level 1:colcon.colcon_core.package_identification:_identify(yolo_datasets/CPC_19) by extension 'colcon_meta'
[0.375s] Level 1:colcon.colcon_core.package_identification:_identify(yolo_datasets/CPC_19) by extensions ['ros']
[0.375s] Level 1:colcon.colcon_core.package_identification:_identify(yolo_datasets/CPC_19) by extension 'ros'
[0.375s] Level 1:colcon.colcon_core.package_identification:_identify(yolo_datasets/CPC_19) by extensions ['cmake', 'python']
[0.375s] Level 1:colcon.colcon_core.package_identification:_identify(yolo_datasets/CPC_19) by extension 'cmake'
[0.375s] Level 1:colcon.colcon_core.package_identification:_identify(yolo_datasets/CPC_19) by extension 'python'
[0.375s] Level 1:colcon.colcon_core.package_identification:_identify(yolo_datasets/CPC_19) by extensions ['python_setup_py']
[0.375s] Level 1:colcon.colcon_core.package_identification:_identify(yolo_datasets/CPC_19) by extension 'python_setup_py'
[0.375s] Level 1:colcon.colcon_core.package_identification:_identify(yolo_datasets/CPC_19/images) by extensions ['ignore', 'ignore_ament_install']
[0.375s] Level 1:colcon.colcon_core.package_identification:_identify(yolo_datasets/CPC_19/images) by extension 'ignore'
[0.375s] Level 1:colcon.colcon_core.package_identification:_identify(yolo_datasets/CPC_19/images) by extension 'ignore_ament_install'
[0.375s] Level 1:colcon.colcon_core.package_identification:_identify(yolo_datasets/CPC_19/images) by extensions ['colcon_pkg']
[0.375s] Level 1:colcon.colcon_core.package_identification:_identify(yolo_datasets/CPC_19/images) by extension 'colcon_pkg'
[0.375s] Level 1:colcon.colcon_core.package_identification:_identify(yolo_datasets/CPC_19/images) by extensions ['colcon_meta']
[0.375s] Level 1:colcon.colcon_core.package_identification:_identify(yolo_datasets/CPC_19/images) by extension 'colcon_meta'
[0.375s] Level 1:colcon.colcon_core.package_identification:_identify(yolo_datasets/CPC_19/images) by extensions ['ros']
[0.375s] Level 1:colcon.colcon_core.package_identification:_identify(yolo_datasets/CPC_19/images) by extension 'ros'
[0.375s] Level 1:colcon.colcon_core.package_identification:_identify(yolo_datasets/CPC_19/images) by extensions ['cmake', 'python']
[0.376s] Level 1:colcon.colcon_core.package_identification:_identify(yolo_datasets/CPC_19/images) by extension 'cmake'
[0.376s] Level 1:colcon.colcon_core.package_identification:_identify(yolo_datasets/CPC_19/images) by extension 'python'
[0.376s] Level 1:colcon.colcon_core.package_identification:_identify(yolo_datasets/CPC_19/images) by extensions ['python_setup_py']
[0.376s] Level 1:colcon.colcon_core.package_identification:_identify(yolo_datasets/CPC_19/images) by extension 'python_setup_py'
[0.376s] Level 1:colcon.colcon_core.package_identification:_identify(yolo_datasets/CPC_19/labels) by extensions ['ignore', 'ignore_ament_install']
[0.376s] Level 1:colcon.colcon_core.package_identification:_identify(yolo_datasets/CPC_19/labels) by extension 'ignore'
[0.376s] Level 1:colcon.colcon_core.package_identification:_identify(yolo_datasets/CPC_19/labels) by extension 'ignore_ament_install'
[0.376s] Level 1:colcon.colcon_core.package_identification:_identify(yolo_datasets/CPC_19/labels) by extensions ['colcon_pkg']
[0.376s] Level 1:colcon.colcon_core.package_identification:_identify(yolo_datasets/CPC_19/labels) by extension 'colcon_pkg'
[0.376s] Level 1:colcon.colcon_core.package_identification:_identify(yolo_datasets/CPC_19/labels) by extensions ['colcon_meta']
[0.376s] Level 1:colcon.colcon_core.package_identification:_identify(yolo_datasets/CPC_19/labels) by extension 'colcon_meta'
[0.376s] Level 1:colcon.colcon_core.package_identification:_identify(yolo_datasets/CPC_19/labels) by extensions ['ros']
[0.376s] Level 1:colcon.colcon_core.package_identification:_identify(yolo_datasets/CPC_19/labels) by extension 'ros'
[0.376s] Level 1:colcon.colcon_core.package_identification:_identify(yolo_datasets/CPC_19/labels) by extensions ['cmake', 'python']
[0.376s] Level 1:colcon.colcon_core.package_identification:_identify(yolo_datasets/CPC_19/labels) by extension 'cmake'
[0.376s] Level 1:colcon.colcon_core.package_identification:_identify(yolo_datasets/CPC_19/labels) by extension 'python'
[0.376s] Level 1:colcon.colcon_core.package_identification:_identify(yolo_datasets/CPC_19/labels) by extensions ['python_setup_py']
[0.376s] Level 1:colcon.colcon_core.package_identification:_identify(yolo_datasets/CPC_19/labels) by extension 'python_setup_py'
[0.377s] Level 1:colcon.colcon_core.package_identification:_identify(yolo_datasets/CPC_9) by extensions ['ignore', 'ignore_ament_install']
[0.377s] Level 1:colcon.colcon_core.package_identification:_identify(yolo_datasets/CPC_9) by extension 'ignore'
[0.377s] Level 1:colcon.colcon_core.package_identification:_identify(yolo_datasets/CPC_9) by extension 'ignore_ament_install'
[0.377s] Level 1:colcon.colcon_core.package_identification:_identify(yolo_datasets/CPC_9) by extensions ['colcon_pkg']
[0.377s] Level 1:colcon.colcon_core.package_identification:_identify(yolo_datasets/CPC_9) by extension 'colcon_pkg'
[0.377s] Level 1:colcon.colcon_core.package_identification:_identify(yolo_datasets/CPC_9) by extensions ['colcon_meta']
[0.377s] Level 1:colcon.colcon_core.package_identification:_identify(yolo_datasets/CPC_9) by extension 'colcon_meta'
[0.377s] Level 1:colcon.colcon_core.package_identification:_identify(yolo_datasets/CPC_9) by extensions ['ros']
[0.377s] Level 1:colcon.colcon_core.package_identification:_identify(yolo_datasets/CPC_9) by extension 'ros'
[0.377s] Level 1:colcon.colcon_core.package_identification:_identify(yolo_datasets/CPC_9) by extensions ['cmake', 'python']
[0.377s] Level 1:colcon.colcon_core.package_identification:_identify(yolo_datasets/CPC_9) by extension 'cmake'
[0.377s] Level 1:colcon.colcon_core.package_identification:_identify(yolo_datasets/CPC_9) by extension 'python'
[0.377s] Level 1:colcon.colcon_core.package_identification:_identify(yolo_datasets/CPC_9) by extensions ['python_setup_py']
[0.377s] Level 1:colcon.colcon_core.package_identification:_identify(yolo_datasets/CPC_9) by extension 'python_setup_py'
[0.377s] Level 1:colcon.colcon_core.package_identification:_identify(yolo_datasets/CPC_9/images) by extensions ['ignore', 'ignore_ament_install']
[0.377s] Level 1:colcon.colcon_core.package_identification:_identify(yolo_datasets/CPC_9/images) by extension 'ignore'
[0.377s] Level 1:colcon.colcon_core.package_identification:_identify(yolo_datasets/CPC_9/images) by extension 'ignore_ament_install'
[0.377s] Level 1:colcon.colcon_core.package_identification:_identify(yolo_datasets/CPC_9/images) by extensions ['colcon_pkg']
[0.378s] Level 1:colcon.colcon_core.package_identification:_identify(yolo_datasets/CPC_9/images) by extension 'colcon_pkg'
[0.378s] Level 1:colcon.colcon_core.package_identification:_identify(yolo_datasets/CPC_9/images) by extensions ['colcon_meta']
[0.378s] Level 1:colcon.colcon_core.package_identification:_identify(yolo_datasets/CPC_9/images) by extension 'colcon_meta'
[0.378s] Level 1:colcon.colcon_core.package_identification:_identify(yolo_datasets/CPC_9/images) by extensions ['ros']
[0.378s] Level 1:colcon.colcon_core.package_identification:_identify(yolo_datasets/CPC_9/images) by extension 'ros'
[0.378s] Level 1:colcon.colcon_core.package_identification:_identify(yolo_datasets/CPC_9/images) by extensions ['cmake', 'python']
[0.378s] Level 1:colcon.colcon_core.package_identification:_identify(yolo_datasets/CPC_9/images) by extension 'cmake'
[0.378s] Level 1:colcon.colcon_core.package_identification:_identify(yolo_datasets/CPC_9/images) by extension 'python'
[0.378s] Level 1:colcon.colcon_core.package_identification:_identify(yolo_datasets/CPC_9/images) by extensions ['python_setup_py']
[0.378s] Level 1:colcon.colcon_core.package_identification:_identify(yolo_datasets/CPC_9/images) by extension 'python_setup_py'
[0.378s] Level 1:colcon.colcon_core.package_identification:_identify(yolo_datasets/CPC_9/labels) by extensions ['ignore', 'ignore_ament_install']
[0.378s] Level 1:colcon.colcon_core.package_identification:_identify(yolo_datasets/CPC_9/labels) by extension 'ignore'
[0.378s] Level 1:colcon.colcon_core.package_identification:_identify(yolo_datasets/CPC_9/labels) by extension 'ignore_ament_install'
[0.378s] Level 1:colcon.colcon_core.package_identification:_identify(yolo_datasets/CPC_9/labels) by extensions ['colcon_pkg']
[0.378s] Level 1:colcon.colcon_core.package_identification:_identify(yolo_datasets/CPC_9/labels) by extension 'colcon_pkg'
[0.378s] Level 1:colcon.colcon_core.package_identification:_identify(yolo_datasets/CPC_9/labels) by extensions ['colcon_meta']
[0.378s] Level 1:colcon.colcon_core.package_identification:_identify(yolo_datasets/CPC_9/labels) by extension 'colcon_meta'
[0.378s] Level 1:colcon.colcon_core.package_identification:_identify(yolo_datasets/CPC_9/labels) by extensions ['ros']
[0.378s] Level 1:colcon.colcon_core.package_identification:_identify(yolo_datasets/CPC_9/labels) by extension 'ros'
[0.378s] Level 1:colcon.colcon_core.package_identification:_identify(yolo_datasets/CPC_9/labels) by extensions ['cmake', 'python']
[0.379s] Level 1:colcon.colcon_core.package_identification:_identify(yolo_datasets/CPC_9/labels) by extension 'cmake'
[0.379s] Level 1:colcon.colcon_core.package_identification:_identify(yolo_datasets/CPC_9/labels) by extension 'python'
[0.379s] Level 1:colcon.colcon_core.package_identification:_identify(yolo_datasets/CPC_9/labels) by extensions ['python_setup_py']
[0.379s] Level 1:colcon.colcon_core.package_identification:_identify(yolo_datasets/CPC_9/labels) by extension 'python_setup_py'
[0.379s] Level 1:colcon.colcon_core.package_identification:_identify(yolo_train) by extensions ['ignore', 'ignore_ament_install']
[0.379s] Level 1:colcon.colcon_core.package_identification:_identify(yolo_train) by extension 'ignore'
[0.379s] Level 1:colcon.colcon_core.package_identification:_identify(yolo_train) by extension 'ignore_ament_install'
[0.379s] Level 1:colcon.colcon_core.package_identification:_identify(yolo_train) by extensions ['colcon_pkg']
[0.379s] Level 1:colcon.colcon_core.package_identification:_identify(yolo_train) by extension 'colcon_pkg'
[0.379s] Level 1:colcon.colcon_core.package_identification:_identify(yolo_train) by extensions ['colcon_meta']
[0.379s] Level 1:colcon.colcon_core.package_identification:_identify(yolo_train) by extension 'colcon_meta'
[0.379s] Level 1:colcon.colcon_core.package_identification:_identify(yolo_train) by extensions ['ros']
[0.379s] Level 1:colcon.colcon_core.package_identification:_identify(yolo_train) by extension 'ros'
[0.379s] Level 1:colcon.colcon_core.package_identification:_identify(yolo_train) by extensions ['cmake', 'python']
[0.379s] Level 1:colcon.colcon_core.package_identification:_identify(yolo_train) by extension 'cmake'
[0.379s] Level 1:colcon.colcon_core.package_identification:_identify(yolo_train) by extension 'python'
[0.379s] Level 1:colcon.colcon_core.package_identification:_identify(yolo_train) by extensions ['python_setup_py']
[0.380s] Level 1:colcon.colcon_core.package_identification:_identify(yolo_train) by extension 'python_setup_py'
[0.380s] Level 1:colcon.colcon_core.package_identification:_identify(yolo_train/bolt_detection_CPC_CPC_9) by extensions ['ignore', 'ignore_ament_install']
[0.380s] Level 1:colcon.colcon_core.package_identification:_identify(yolo_train/bolt_detection_CPC_CPC_9) by extension 'ignore'
[0.380s] Level 1:colcon.colcon_core.package_identification:_identify(yolo_train/bolt_detection_CPC_CPC_9) by extension 'ignore_ament_install'
[0.380s] Level 1:colcon.colcon_core.package_identification:_identify(yolo_train/bolt_detection_CPC_CPC_9) by extensions ['colcon_pkg']
[0.380s] Level 1:colcon.colcon_core.package_identification:_identify(yolo_train/bolt_detection_CPC_CPC_9) by extension 'colcon_pkg'
[0.380s] Level 1:colcon.colcon_core.package_identification:_identify(yolo_train/bolt_detection_CPC_CPC_9) by extensions ['colcon_meta']
[0.380s] Level 1:colcon.colcon_core.package_identification:_identify(yolo_train/bolt_detection_CPC_CPC_9) by extension 'colcon_meta'
[0.380s] Level 1:colcon.colcon_core.package_identification:_identify(yolo_train/bolt_detection_CPC_CPC_9) by extensions ['ros']
[0.380s] Level 1:colcon.colcon_core.package_identification:_identify(yolo_train/bolt_detection_CPC_CPC_9) by extension 'ros'
[0.380s] Level 1:colcon.colcon_core.package_identification:_identify(yolo_train/bolt_detection_CPC_CPC_9) by extensions ['cmake', 'python']
[0.380s] Level 1:colcon.colcon_core.package_identification:_identify(yolo_train/bolt_detection_CPC_CPC_9) by extension 'cmake'
[0.380s] Level 1:colcon.colcon_core.package_identification:_identify(yolo_train/bolt_detection_CPC_CPC_9) by extension 'python'
[0.380s] Level 1:colcon.colcon_core.package_identification:_identify(yolo_train/bolt_detection_CPC_CPC_9) by extensions ['python_setup_py']
[0.380s] Level 1:colcon.colcon_core.package_identification:_identify(yolo_train/bolt_detection_CPC_CPC_9) by extension 'python_setup_py'
[0.380s] Level 1:colcon.colcon_core.package_identification:_identify(yolo_train/bolt_detection_CPC_CPC_9/weights) by extensions ['ignore', 'ignore_ament_install']
[0.381s] Level 1:colcon.colcon_core.package_identification:_identify(yolo_train/bolt_detection_CPC_CPC_9/weights) by extension 'ignore'
[0.381s] Level 1:colcon.colcon_core.package_identification:_identify(yolo_train/bolt_detection_CPC_CPC_9/weights) by extension 'ignore_ament_install'
[0.381s] Level 1:colcon.colcon_core.package_identification:_identify(yolo_train/bolt_detection_CPC_CPC_9/weights) by extensions ['colcon_pkg']
[0.381s] Level 1:colcon.colcon_core.package_identification:_identify(yolo_train/bolt_detection_CPC_CPC_9/weights) by extension 'colcon_pkg'
[0.381s] Level 1:colcon.colcon_core.package_identification:_identify(yolo_train/bolt_detection_CPC_CPC_9/weights) by extensions ['colcon_meta']
[0.381s] Level 1:colcon.colcon_core.package_identification:_identify(yolo_train/bolt_detection_CPC_CPC_9/weights) by extension 'colcon_meta'
[0.381s] Level 1:colcon.colcon_core.package_identification:_identify(yolo_train/bolt_detection_CPC_CPC_9/weights) by extensions ['ros']
[0.381s] Level 1:colcon.colcon_core.package_identification:_identify(yolo_train/bolt_detection_CPC_CPC_9/weights) by extension 'ros'
[0.381s] Level 1:colcon.colcon_core.package_identification:_identify(yolo_train/bolt_detection_CPC_CPC_9/weights) by extensions ['cmake', 'python']
[0.381s] Level 1:colcon.colcon_core.package_identification:_identify(yolo_train/bolt_detection_CPC_CPC_9/weights) by extension 'cmake'
[0.381s] Level 1:colcon.colcon_core.package_identification:_identify(yolo_train/bolt_detection_CPC_CPC_9/weights) by extension 'python'
[0.381s] Level 1:colcon.colcon_core.package_identification:_identify(yolo_train/bolt_detection_CPC_CPC_9/weights) by extensions ['python_setup_py']
[0.381s] Level 1:colcon.colcon_core.package_identification:_identify(yolo_train/bolt_detection_CPC_CPC_9/weights) by extension 'python_setup_py'
[0.381s] Level 1:colcon.colcon_core.package_discovery:discover_packages(recursive) using defaults
[0.381s] Level 1:colcon.colcon_core.package_discovery:discover_packages(ignore) discover
[0.381s] Level 1:colcon.colcon_core.package_discovery:discover_packages(ignore) using defaults
[0.381s] Level 1:colcon.colcon_core.package_discovery:discover_packages(path) discover
[0.381s] Level 1:colcon.colcon_core.package_discovery:discover_packages(path) using defaults
[0.400s] Level 1:colcon.colcon_core.package_discovery:discover_packages(prefix_path) check parameters
[0.400s] Level 1:colcon.colcon_core.package_discovery:discover_packages(prefix_path) discover
[0.405s] DEBUG:colcon.colcon_installed_package_information.package_discovery:Found 3 installed packages in /home/vom/ros2_ws/HusarionROSbot2RDepthMapNavigation/install
[0.406s] DEBUG:colcon.colcon_installed_package_information.package_discovery:Found 1 installed packages in /home/vom/ros2_ws/Navigator/install
[0.408s] DEBUG:colcon.colcon_installed_package_information.package_discovery:Found 3 installed packages in /home/vom/ros2_ws/microros/install
[0.409s] DEBUG:colcon.colcon_installed_package_information.package_discovery:Found 4 installed packages in /home/vom/ros2_ws/Nano_Vision/install
[0.413s] DEBUG:colcon.colcon_installed_package_information.package_discovery:Found 2 installed packages in /home/vom/ros2_ws/RasPi_LiDAR/install
[0.413s] DEBUG:colcon.colcon_installed_package_information.package_discovery:Found 3 installed packages in /home/vom/ros2_ws/RasPi_GPS_IMU/install
[0.414s] DEBUG:colcon.colcon_installed_package_information.package_discovery:Found 1 installed packages in /home/vom/ros2_ws/HusarionRosbot2R/install
[0.414s] DEBUG:colcon.colcon_installed_package_information.package_discovery:Found 1 installed packages in /home/vom/ros2_ws/RasPi_Radar/install
[0.415s] DEBUG:colcon.colcon_installed_package_information.package_discovery:Found 284 installed packages in /opt/ros/humble
[0.417s] Level 1:colcon.colcon_core.package_discovery:discover_packages(prefix_path) using defaults
[0.451s] Level 5:colcon.colcon_core.verb:set package 'automated_counter' build argument 'cmake_args' from command line to 'None'
[0.451s] Level 5:colcon.colcon_core.verb:set package 'automated_counter' build argument 'cmake_target' from command line to 'None'
[0.451s] Level 5:colcon.colcon_core.verb:set package 'automated_counter' build argument 'cmake_target_skip_unavailable' from command line to 'False'
[0.451s] Level 5:colcon.colcon_core.verb:set package 'automated_counter' build argument 'cmake_clean_cache' from command line to 'False'
[0.451s] Level 5:colcon.colcon_core.verb:set package 'automated_counter' build argument 'cmake_clean_first' from command line to 'False'
[0.451s] Level 5:colcon.colcon_core.verb:set package 'automated_counter' build argument 'cmake_force_configure' from command line to 'False'
[0.452s] Level 5:colcon.colcon_core.verb:set package 'automated_counter' build argument 'ament_cmake_args' from command line to 'None'
[0.452s] Level 5:colcon.colcon_core.verb:set package 'automated_counter' build argument 'catkin_cmake_args' from command line to 'None'
[0.452s] Level 5:colcon.colcon_core.verb:set package 'automated_counter' build argument 'catkin_skip_building_tests' from command line to 'False'
[0.452s] DEBUG:colcon.colcon_core.verb:Building package 'automated_counter' with the following arguments: {'ament_cmake_args': None, 'build_base': '/home/vom/ros2_ws/PikeRobotics_automated_detection/build/automated_counter', 'catkin_cmake_args': None, 'catkin_skip_building_tests': False, 'cmake_args': None, 'cmake_clean_cache': False, 'cmake_clean_first': False, 'cmake_force_configure': False, 'cmake_target': None, 'cmake_target_skip_unavailable': False, 'install_base': '/home/vom/ros2_ws/PikeRobotics_automated_detection/install/automated_counter', 'merge_install': False, 'path': '/home/vom/ros2_ws/PikeRobotics_automated_detection/src/automated_counter', 'symlink_install': True, 'test_result_base': None}
[0.452s] INFO:colcon.colcon_core.executor:Executing jobs using 'parallel' executor
[0.454s] DEBUG:colcon.colcon_parallel_executor.executor.parallel:run_until_complete
[0.455s] INFO:colcon.colcon_ros.task.ament_python.build:Building ROS package in '/home/vom/ros2_ws/PikeRobotics_automated_detection/src/automated_counter' with build type 'ament_python'
[0.455s] Level 1:colcon.colcon_core.shell:create_environment_hook('automated_counter', 'ament_prefix_path')
[0.458s] INFO:colcon.colcon_core.plugin_system:Skipping extension 'colcon_core.shell.bat': Not used on non-Windows systems
[0.459s] INFO:colcon.colcon_core.shell:Creating environment hook '/home/vom/ros2_ws/PikeRobotics_automated_detection/install/automated_counter/share/automated_counter/hook/ament_prefix_path.ps1'
[0.459s] INFO:colcon.colcon_core.shell:Creating environment descriptor '/home/vom/ros2_ws/PikeRobotics_automated_detection/install/automated_counter/share/automated_counter/hook/ament_prefix_path.dsv'
[0.460s] INFO:colcon.colcon_core.shell:Creating environment hook '/home/vom/ros2_ws/PikeRobotics_automated_detection/install/automated_counter/share/automated_counter/hook/ament_prefix_path.sh'
[0.461s] INFO:colcon.colcon_core.shell:Skip shell extension 'powershell' for command environment: Not usable outside of PowerShell
[0.461s] DEBUG:colcon.colcon_core.shell:Skip shell extension 'dsv' for command environment
[0.804s] INFO:colcon.colcon_core.task.python.build:Building Python package in '/home/vom/ros2_ws/PikeRobotics_automated_detection/src/automated_counter'
[0.805s] INFO:colcon.colcon_core.shell:Skip shell extension 'powershell' for command environment: Not usable outside of PowerShell
[0.805s] DEBUG:colcon.colcon_core.shell:Skip shell extension 'dsv' for command environment
[1.247s] DEBUG:colcon.colcon_core.event_handler.log_command:Invoking command in '/home/vom/ros2_ws/PikeRobotics_automated_detection/build/automated_counter': PYTHONPATH=/home/vom/ros2_ws/PikeRobotics_automated_detection/build/automated_counter/prefix_override:/usr/lib/python3/dist-packages/colcon_core/task/python/colcon_distutils_commands:/home/vom/ros2_ws/PikeRobotics_automated_detection/install/automated_counter/lib/python3.10/site-packages:${PYTHONPATH} /usr/bin/python3 -W ignore:setup.py install is deprecated -W ignore:easy_install command is deprecated setup.py develop --editable --build-directory /home/vom/ros2_ws/PikeRobotics_automated_detection/build/automated_counter/build --no-deps symlink_data
[1.857s] Level 1:colcon.colcon_core.shell:create_environment_hook('automated_counter', 'pythonpath_develop')
[1.862s] INFO:colcon.colcon_core.shell:Creating environment hook '/home/vom/ros2_ws/PikeRobotics_automated_detection/build/automated_counter/share/automated_counter/hook/pythonpath_develop.ps1'
[1.863s] DEBUG:colcon.colcon_core.event_handler.log_command:Invoked command in '/home/vom/ros2_ws/PikeRobotics_automated_detection/build/automated_counter' returned '0': PYTHONPATH=/home/vom/ros2_ws/PikeRobotics_automated_detection/build/automated_counter/prefix_override:/usr/lib/python3/dist-packages/colcon_core/task/python/colcon_distutils_commands:/home/vom/ros2_ws/PikeRobotics_automated_detection/install/automated_counter/lib/python3.10/site-packages:${PYTHONPATH} /usr/bin/python3 -W ignore:setup.py install is deprecated -W ignore:easy_install command is deprecated setup.py develop --editable --build-directory /home/vom/ros2_ws/PikeRobotics_automated_detection/build/automated_counter/build --no-deps symlink_data
[1.864s] INFO:colcon.colcon_core.shell:Creating environment descriptor '/home/vom/ros2_ws/PikeRobotics_automated_detection/build/automated_counter/share/automated_counter/hook/pythonpath_develop.dsv'
[1.865s] INFO:colcon.colcon_core.shell:Creating environment hook '/home/vom/ros2_ws/PikeRobotics_automated_detection/build/automated_counter/share/automated_counter/hook/pythonpath_develop.sh'
[1.884s] Level 1:colcon.colcon_core.environment:checking '/home/vom/ros2_ws/PikeRobotics_automated_detection/install/automated_counter' for CMake module files
[1.885s] Level 1:colcon.colcon_core.environment:checking '/home/vom/ros2_ws/PikeRobotics_automated_detection/install/automated_counter' for CMake config files
[1.885s] Level 1:colcon.colcon_core.environment:checking '/home/vom/ros2_ws/PikeRobotics_automated_detection/install/automated_counter/lib'
[1.886s] Level 1:colcon.colcon_core.environment:checking '/home/vom/ros2_ws/PikeRobotics_automated_detection/install/automated_counter/bin'
[1.886s] Level 1:colcon.colcon_core.environment:checking '/home/vom/ros2_ws/PikeRobotics_automated_detection/install/automated_counter/lib/pkgconfig/automated_counter.pc'
[1.886s] Level 1:colcon.colcon_core.environment:checking '/home/vom/ros2_ws/PikeRobotics_automated_detection/install/automated_counter/lib/python3.10/site-packages'
[1.886s] Level 1:colcon.colcon_core.shell:create_environment_hook('automated_counter', 'pythonpath')
[1.887s] INFO:colcon.colcon_core.shell:Creating environment hook '/home/vom/ros2_ws/PikeRobotics_automated_detection/install/automated_counter/share/automated_counter/hook/pythonpath.ps1'
[1.887s] INFO:colcon.colcon_core.shell:Creating environment descriptor '/home/vom/ros2_ws/PikeRobotics_automated_detection/install/automated_counter/share/automated_counter/hook/pythonpath.dsv'
[1.888s] INFO:colcon.colcon_core.shell:Creating environment hook '/home/vom/ros2_ws/PikeRobotics_automated_detection/install/automated_counter/share/automated_counter/hook/pythonpath.sh'
[1.888s] Level 1:colcon.colcon_core.environment:checking '/home/vom/ros2_ws/PikeRobotics_automated_detection/install/automated_counter/bin'
[1.888s] Level 1:colcon.colcon_core.environment:create_environment_scripts_only(automated_counter)
[1.889s] INFO:colcon.colcon_core.shell:Creating package script '/home/vom/ros2_ws/PikeRobotics_automated_detection/install/automated_counter/share/automated_counter/package.ps1'
[1.890s] INFO:colcon.colcon_core.shell:Creating package descriptor '/home/vom/ros2_ws/PikeRobotics_automated_detection/install/automated_counter/share/automated_counter/package.dsv'
[1.892s] INFO:colcon.colcon_core.shell:Creating package script '/home/vom/ros2_ws/PikeRobotics_automated_detection/install/automated_counter/share/automated_counter/package.sh'
[1.893s] INFO:colcon.colcon_core.shell:Creating package script '/home/vom/ros2_ws/PikeRobotics_automated_detection/install/automated_counter/share/automated_counter/package.bash'
[1.895s] INFO:colcon.colcon_core.shell:Creating package script '/home/vom/ros2_ws/PikeRobotics_automated_detection/install/automated_counter/share/automated_counter/package.zsh'
[1.896s] Level 1:colcon.colcon_core.environment:create_file_with_runtime_dependencies(/home/vom/ros2_ws/PikeRobotics_automated_detection/install/automated_counter/share/colcon-core/packages/automated_counter)
[1.897s] DEBUG:colcon.colcon_parallel_executor.executor.parallel:closing loop
[1.897s] DEBUG:colcon.colcon_parallel_executor.executor.parallel:loop closed
[1.897s] DEBUG:colcon.colcon_parallel_executor.executor.parallel:run_until_complete finished with '0'
[1.897s] DEBUG:colcon.colcon_core.event_reactor:joining thread
[1.903s] INFO:colcon.colcon_core.plugin_system:Skipping extension 'colcon_notification.desktop_notification.terminal_notifier': Not used on non-Darwin systems
[1.903s] INFO:colcon.colcon_core.plugin_system:Skipping extension 'colcon_notification.desktop_notification.win32': Not used on non-Windows systems
[1.903s] INFO:colcon.colcon_notification.desktop_notification:Sending desktop notification using 'notify2'
[1.942s] DEBUG:colcon.colcon_core.event_reactor:joined thread
[1.943s] INFO:colcon.colcon_core.shell:Creating prefix script '/home/vom/ros2_ws/PikeRobotics_automated_detection/install/local_setup.ps1'
[1.944s] INFO:colcon.colcon_core.shell:Creating prefix util module '/home/vom/ros2_ws/PikeRobotics_automated_detection/install/_local_setup_util_ps1.py'
[1.946s] INFO:colcon.colcon_core.shell:Creating prefix chain script '/home/vom/ros2_ws/PikeRobotics_automated_detection/install/setup.ps1'
[1.948s] INFO:colcon.colcon_core.shell:Creating prefix script '/home/vom/ros2_ws/PikeRobotics_automated_detection/install/local_setup.sh'
[1.948s] INFO:colcon.colcon_core.shell:Creating prefix util module '/home/vom/ros2_ws/PikeRobotics_automated_detection/install/_local_setup_util_sh.py'
[1.949s] INFO:colcon.colcon_core.shell:Creating prefix chain script '/home/vom/ros2_ws/PikeRobotics_automated_detection/install/setup.sh'
[1.951s] INFO:colcon.colcon_core.shell:Creating prefix script '/home/vom/ros2_ws/PikeRobotics_automated_detection/install/local_setup.bash'
[1.952s] INFO:colcon.colcon_core.shell:Creating prefix chain script '/home/vom/ros2_ws/PikeRobotics_automated_detection/install/setup.bash'
[1.958s] INFO:colcon.colcon_core.shell:Creating prefix script '/home/vom/ros2_ws/PikeRobotics_automated_detection/install/local_setup.zsh'
[1.959s] INFO:colcon.colcon_core.shell:Creating prefix chain script '/home/vom/ros2_ws/PikeRobotics_automated_detection/install/setup.zsh'
